2022-07-01 07:57:41,740 INFO org.springframework.boot.StartupInfoLogger [main] Starting SlaveApplication v0.0.1-SNAPSHOT using Java 1.8.0_212 on e2ab8be98645 with PID 1 (/usr/src/myapp/slave/target/slave-0.0.1-SNAPSHOT.jar started by root in /usr/src/myapp/slave)
2022-07-01 07:57:41,962 INFO org.springframework.boot.SpringApplication [main] No active profile set, falling back to 1 default profile: "default"
2022-07-01 07:58:02,752 INFO org.springframework.cloud.context.scope.GenericScope [main] BeanFactory id=84bac28b-ee13-3dee-b622-990bbbb741f5
2022-07-01 07:58:08,485 INFO org.springframework.boot.web.embedded.tomcat.TomcatWebServer [main] Tomcat initialized with port(s): 2613 (http)
2022-07-01 07:58:08,630 INFO org.apache.juli.logging.DirectJDKLog [main] Initializing ProtocolHandler ["http-nio-2613"]
2022-07-01 07:58:08,641 INFO org.apache.juli.logging.DirectJDKLog [main] Starting service [Tomcat]
2022-07-01 07:58:08,645 INFO org.apache.juli.logging.DirectJDKLog [main] Starting Servlet engine: [Apache Tomcat/9.0.63]
2022-07-01 07:58:09,604 INFO org.apache.juli.logging.DirectJDKLog [main] Initializing Spring embedded WebApplicationContext
2022-07-01 07:58:09,613 INFO org.springframework.boot.web.servlet.context.ServletWebServerApplicationContext [main] Root WebApplicationContext: initialization completed in 25954 ms
2022-07-01 07:58:35,095 INFO org.springframework.cloud.netflix.eureka.config.DiscoveryClientOptionalArgsConfiguration [main] Eureka HTTP Client uses RestTemplate.
2022-07-01 07:58:37,028 WARN org.springframework.cloud.loadbalancer.config.LoadBalancerCacheAutoConfiguration$LoadBalancerCaffeineWarnLogger [main] Spring Cloud LoadBalancer is currently working with the default cache. While this cache implementation is useful for development and tests, it's recommended to use Caffeine cache in production.You can switch to using Caffeine cache, by adding it and org.springframework.cache.caffeine.CaffeineCacheManager to the classpath.
2022-07-01 07:58:38,550 INFO org.springframework.cloud.netflix.eureka.InstanceInfoFactory [main] Setting initial instance status as: STARTING
2022-07-01 07:58:40,516 INFO com.netflix.discovery.DiscoveryClient [main] Initializing Eureka in region us-east-1
2022-07-01 07:58:40,663 INFO com.netflix.discovery.shared.resolver.aws.ConfigClusterResolver [main] Resolving eureka endpoints via configuration
2022-07-01 07:58:41,235 INFO com.netflix.discovery.DiscoveryClient [main] Disable delta property : false
2022-07-01 07:58:41,241 INFO com.netflix.discovery.DiscoveryClient [main] Single vip registry refresh property : null
2022-07-01 07:58:41,245 INFO com.netflix.discovery.DiscoveryClient [main] Force full registry fetch : false
2022-07-01 07:58:41,248 INFO com.netflix.discovery.DiscoveryClient [main] Application is null : false
2022-07-01 07:58:41,250 INFO com.netflix.discovery.DiscoveryClient [main] Registered Applications size is zero : true
2022-07-01 07:58:41,252 INFO com.netflix.discovery.DiscoveryClient [main] Application version is -1: true
2022-07-01 07:58:41,253 INFO com.netflix.discovery.DiscoveryClient [main] Getting all instance registry info from the eureka server
2022-07-01 07:58:48,865 INFO com.netflix.discovery.DiscoveryClient [main] The response status is 200
2022-07-01 07:58:48,925 INFO com.netflix.discovery.DiscoveryClient [main] Starting heartbeat executor: renew interval is: 30
2022-07-01 07:58:48,996 INFO com.netflix.discovery.InstanceInfoReplicator [main] InstanceInfoReplicator onDemand update allowed rate per min is 4
2022-07-01 07:58:49,090 INFO com.netflix.discovery.DiscoveryClient [main] Discovery Client initialized at timestamp 1656662329073 with initial instances count: 0
2022-07-01 07:58:49,129 INFO org.springframework.cloud.netflix.eureka.serviceregistry.EurekaServiceRegistry [main] Registering application SLAVE with eureka with status UP
2022-07-01 07:58:49,160 INFO com.netflix.discovery.DiscoveryClient$3 [main] Saw local status change event StatusChangeEvent [timestamp=1656662329160, current=UP, previous=STARTING]
2022-07-01 07:58:49,180 INFO org.apache.juli.logging.DirectJDKLog [main] Starting ProtocolHandler ["http-nio-2613"]
2022-07-01 07:58:49,214 INFO com.netflix.discovery.DiscoveryClient [DiscoveryClient-InstanceInfoReplicator-0] DiscoveryClient_SLAVE/e2ab8be98645:slave:2613: registering service...
2022-07-01 07:58:49,730 INFO org.springframework.boot.web.embedded.tomcat.TomcatWebServer [main] Tomcat started on port(s): 2613 (http) with context path ''
2022-07-01 07:58:49,751 INFO org.springframework.cloud.netflix.eureka.serviceregistry.EurekaAutoServiceRegistration [main] Updating port to 2613
2022-07-01 07:58:50,777 INFO com.netflix.discovery.DiscoveryClient [DiscoveryClient-InstanceInfoReplicator-0] DiscoveryClient_SLAVE/e2ab8be98645:slave:2613 - registration status: 204
2022-07-01 07:58:51,610 INFO org.springframework.boot.StartupInfoLogger [main] Started SlaveApplication in 85.16 seconds (JVM running for 97.001)
2022-07-01 07:59:18,927 INFO com.netflix.discovery.DiscoveryClient [DiscoveryClient-CacheRefreshExecutor-0] Disable delta property : false
2022-07-01 07:59:18,928 INFO com.netflix.discovery.DiscoveryClient [DiscoveryClient-CacheRefreshExecutor-0] Single vip registry refresh property : null
2022-07-01 07:59:18,930 INFO com.netflix.discovery.DiscoveryClient [DiscoveryClient-CacheRefreshExecutor-0] Force full registry fetch : false
2022-07-01 07:59:18,931 INFO com.netflix.discovery.DiscoveryClient [DiscoveryClient-CacheRefreshExecutor-0] Application is null : false
2022-07-01 07:59:18,932 INFO com.netflix.discovery.DiscoveryClient [DiscoveryClient-CacheRefreshExecutor-0] Registered Applications size is zero : true
2022-07-01 07:59:18,933 INFO com.netflix.discovery.DiscoveryClient [DiscoveryClient-CacheRefreshExecutor-0] Application version is -1: false
2022-07-01 07:59:18,934 INFO com.netflix.discovery.DiscoveryClient [DiscoveryClient-CacheRefreshExecutor-0] Getting all instance registry info from the eureka server
2022-07-01 07:59:19,014 INFO com.netflix.discovery.DiscoveryClient [DiscoveryClient-CacheRefreshExecutor-0] The response status is 200
2022-07-01 08:03:41,280 INFO com.netflix.discovery.shared.resolver.aws.ConfigClusterResolver [AsyncResolver-bootstrap-executor-0] Resolving eureka endpoints via configuration
2022-07-01 08:08:41,281 INFO com.netflix.discovery.shared.resolver.aws.ConfigClusterResolver [AsyncResolver-bootstrap-executor-0] Resolving eureka endpoints via configuration
2022-07-01 08:13:41,284 INFO com.netflix.discovery.shared.resolver.aws.ConfigClusterResolver [AsyncResolver-bootstrap-executor-0] Resolving eureka endpoints via configuration
2022-07-01 08:18:41,286 INFO com.netflix.discovery.shared.resolver.aws.ConfigClusterResolver [AsyncResolver-bootstrap-executor-0] Resolving eureka endpoints via configuration
2022-07-01 08:23:41,288 INFO com.netflix.discovery.shared.resolver.aws.ConfigClusterResolver [AsyncResolver-bootstrap-executor-0] Resolving eureka endpoints via configuration
2022-07-01 08:28:41,292 INFO com.netflix.discovery.shared.resolver.aws.ConfigClusterResolver [AsyncResolver-bootstrap-executor-0] Resolving eureka endpoints via configuration
2022-07-01 08:33:41,295 INFO com.netflix.discovery.shared.resolver.aws.ConfigClusterResolver [AsyncResolver-bootstrap-executor-0] Resolving eureka endpoints via configuration
2022-07-01 08:38:41,297 INFO com.netflix.discovery.shared.resolver.aws.ConfigClusterResolver [AsyncResolver-bootstrap-executor-0] Resolving eureka endpoints via configuration
2022-07-01 08:43:41,300 INFO com.netflix.discovery.shared.resolver.aws.ConfigClusterResolver [AsyncResolver-bootstrap-executor-0] Resolving eureka endpoints via configuration
2022-07-01 08:48:41,303 INFO com.netflix.discovery.shared.resolver.aws.ConfigClusterResolver [AsyncResolver-bootstrap-executor-0] Resolving eureka endpoints via configuration
2022-07-01 08:53:41,306 INFO com.netflix.discovery.shared.resolver.aws.ConfigClusterResolver [AsyncResolver-bootstrap-executor-0] Resolving eureka endpoints via configuration
2022-07-01 08:58:41,309 INFO com.netflix.discovery.shared.resolver.aws.ConfigClusterResolver [AsyncResolver-bootstrap-executor-0] Resolving eureka endpoints via configuration
2022-07-01 09:03:41,310 INFO com.netflix.discovery.shared.resolver.aws.ConfigClusterResolver [AsyncResolver-bootstrap-executor-0] Resolving eureka endpoints via configuration
2022-07-01 09:05:13,439 INFO org.springframework.cloud.netflix.eureka.serviceregistry.EurekaServiceRegistry [SpringApplicationShutdownHook] Unregistering application SLAVE with eureka with status DOWN
2022-07-01 09:05:13,447 INFO com.netflix.discovery.DiscoveryClient$3 [SpringApplicationShutdownHook] Saw local status change event StatusChangeEvent [timestamp=1656666313447, current=DOWN, previous=UP]
2022-07-01 09:05:13,457 INFO com.netflix.discovery.DiscoveryClient [DiscoveryClient-InstanceInfoReplicator-0] DiscoveryClient_SLAVE/e2ab8be98645:slave:2613: registering service...
2022-07-01 09:05:13,509 INFO com.netflix.discovery.DiscoveryClient [DiscoveryClient-InstanceInfoReplicator-0] DiscoveryClient_SLAVE/e2ab8be98645:slave:2613 - registration status: 204
2022-07-01 09:05:13,648 INFO com.netflix.discovery.DiscoveryClient [SpringApplicationShutdownHook] Shutting down DiscoveryClient ...
2022-07-01 09:05:16,654 INFO com.netflix.discovery.DiscoveryClient [SpringApplicationShutdownHook] Unregistering ...
2022-07-01 09:05:16,772 INFO com.netflix.discovery.DiscoveryClient [SpringApplicationShutdownHook] DiscoveryClient_SLAVE/e2ab8be98645:slave:2613 - deregister  status: 200
2022-07-01 09:05:16,826 INFO com.netflix.discovery.DiscoveryClient [SpringApplicationShutdownHook] Completed shut down of DiscoveryClient
2022-07-01 16:31:39,038 INFO org.springframework.boot.StartupInfoLogger [main] Starting SlaveApplication v0.0.1-SNAPSHOT using Java 1.8.0_212 on f38006ee6009 with PID 1 (/usr/src/myapp/slave/target/slave-0.0.1-SNAPSHOT.jar started by root in /usr/src/myapp/slave)
2022-07-01 16:31:39,181 INFO org.springframework.boot.SpringApplication [main] No active profile set, falling back to 1 default profile: "default"
2022-07-01 16:31:39,585 INFO org.springframework.boot.StartupInfoLogger [main] Starting SlaveApplication v0.0.1-SNAPSHOT using Java 1.8.0_212 on 141afb795b38 with PID 1 (/usr/src/myapp/slave/target/slave-0.0.1-SNAPSHOT.jar started by root in /usr/src/myapp/slave)
2022-07-01 16:31:39,753 INFO org.springframework.boot.SpringApplication [main] No active profile set, falling back to 1 default profile: "default"
2022-07-01 16:31:39,892 INFO org.springframework.boot.StartupInfoLogger [main] Starting SlaveApplication v0.0.1-SNAPSHOT using Java 1.8.0_212 on 12f24e13e255 with PID 1 (/usr/src/myapp/slave/target/slave-0.0.1-SNAPSHOT.jar started by root in /usr/src/myapp/slave)
2022-07-01 16:31:40,130 INFO org.springframework.boot.SpringApplication [main] No active profile set, falling back to 1 default profile: "default"
2022-07-01 16:32:16,305 INFO org.springframework.cloud.context.scope.GenericScope [main] BeanFactory id=84bac28b-ee13-3dee-b622-990bbbb741f5
2022-07-01 16:32:16,330 INFO org.springframework.cloud.context.scope.GenericScope [main] BeanFactory id=84bac28b-ee13-3dee-b622-990bbbb741f5
2022-07-01 16:32:16,412 INFO org.springframework.cloud.context.scope.GenericScope [main] BeanFactory id=84bac28b-ee13-3dee-b622-990bbbb741f5
2022-07-01 16:32:23,219 INFO org.springframework.boot.web.embedded.tomcat.TomcatWebServer [main] Tomcat initialized with port(s): 2613 (http)
2022-07-01 16:32:23,337 INFO org.springframework.boot.web.embedded.tomcat.TomcatWebServer [main] Tomcat initialized with port(s): 2614 (http)
2022-07-01 16:32:23,384 INFO org.apache.juli.logging.DirectJDKLog [main] Initializing ProtocolHandler ["http-nio-2613"]
2022-07-01 16:32:23,395 INFO org.apache.juli.logging.DirectJDKLog [main] Starting service [Tomcat]
2022-07-01 16:32:23,419 INFO org.apache.juli.logging.DirectJDKLog [main] Starting Servlet engine: [Apache Tomcat/9.0.63]
2022-07-01 16:32:23,433 INFO org.springframework.boot.web.embedded.tomcat.TomcatWebServer [main] Tomcat initialized with port(s): 2615 (http)
2022-07-01 16:32:23,498 INFO org.apache.juli.logging.DirectJDKLog [main] Initializing ProtocolHandler ["http-nio-2614"]
2022-07-01 16:32:23,505 INFO org.apache.juli.logging.DirectJDKLog [main] Starting service [Tomcat]
2022-07-01 16:32:23,518 INFO org.apache.juli.logging.DirectJDKLog [main] Starting Servlet engine: [Apache Tomcat/9.0.63]
2022-07-01 16:32:23,563 INFO org.apache.juli.logging.DirectJDKLog [main] Initializing ProtocolHandler ["http-nio-2615"]
2022-07-01 16:32:23,569 INFO org.apache.juli.logging.DirectJDKLog [main] Starting service [Tomcat]
2022-07-01 16:32:23,579 INFO org.apache.juli.logging.DirectJDKLog [main] Starting Servlet engine: [Apache Tomcat/9.0.63]
2022-07-01 16:32:24,732 INFO org.apache.juli.logging.DirectJDKLog [main] Initializing Spring embedded WebApplicationContext
2022-07-01 16:32:24,735 INFO org.springframework.boot.web.servlet.context.ServletWebServerApplicationContext [main] Root WebApplicationContext: initialization completed in 42607 ms
2022-07-01 16:32:24,746 INFO org.apache.juli.logging.DirectJDKLog [main] Initializing Spring embedded WebApplicationContext
2022-07-01 16:32:24,750 INFO org.springframework.boot.web.servlet.context.ServletWebServerApplicationContext [main] Root WebApplicationContext: initialization completed in 43350 ms
2022-07-01 16:32:25,046 INFO org.apache.juli.logging.DirectJDKLog [main] Initializing Spring embedded WebApplicationContext
2022-07-01 16:32:25,062 INFO org.springframework.boot.web.servlet.context.ServletWebServerApplicationContext [main] Root WebApplicationContext: initialization completed in 42905 ms
2022-07-01 16:32:49,397 INFO org.springframework.cloud.netflix.eureka.config.DiscoveryClientOptionalArgsConfiguration [main] Eureka HTTP Client uses RestTemplate.
2022-07-01 16:32:49,570 INFO org.springframework.cloud.netflix.eureka.config.DiscoveryClientOptionalArgsConfiguration [main] Eureka HTTP Client uses RestTemplate.
2022-07-01 16:32:49,726 INFO org.springframework.cloud.netflix.eureka.config.DiscoveryClientOptionalArgsConfiguration [main] Eureka HTTP Client uses RestTemplate.
2022-07-01 16:32:52,740 WARN org.springframework.cloud.loadbalancer.config.LoadBalancerCacheAutoConfiguration$LoadBalancerCaffeineWarnLogger [main] Spring Cloud LoadBalancer is currently working with the default cache. While this cache implementation is useful for development and tests, it's recommended to use Caffeine cache in production.You can switch to using Caffeine cache, by adding it and org.springframework.cache.caffeine.CaffeineCacheManager to the classpath.
2022-07-01 16:32:53,149 WARN org.springframework.cloud.loadbalancer.config.LoadBalancerCacheAutoConfiguration$LoadBalancerCaffeineWarnLogger [main] Spring Cloud LoadBalancer is currently working with the default cache. While this cache implementation is useful for development and tests, it's recommended to use Caffeine cache in production.You can switch to using Caffeine cache, by adding it and org.springframework.cache.caffeine.CaffeineCacheManager to the classpath.
2022-07-01 16:32:53,214 WARN org.springframework.cloud.loadbalancer.config.LoadBalancerCacheAutoConfiguration$LoadBalancerCaffeineWarnLogger [main] Spring Cloud LoadBalancer is currently working with the default cache. While this cache implementation is useful for development and tests, it's recommended to use Caffeine cache in production.You can switch to using Caffeine cache, by adding it and org.springframework.cache.caffeine.CaffeineCacheManager to the classpath.
2022-07-01 16:32:54,331 INFO org.springframework.cloud.netflix.eureka.InstanceInfoFactory [main] Setting initial instance status as: STARTING
2022-07-01 16:32:54,339 INFO org.springframework.cloud.netflix.eureka.InstanceInfoFactory [main] Setting initial instance status as: STARTING
2022-07-01 16:32:54,648 INFO org.springframework.cloud.netflix.eureka.InstanceInfoFactory [main] Setting initial instance status as: STARTING
2022-07-01 16:32:55,699 INFO com.netflix.discovery.DiscoveryClient [main] Initializing Eureka in region us-east-1
2022-07-01 16:32:56,023 INFO com.netflix.discovery.DiscoveryClient [main] Initializing Eureka in region us-east-1
2022-07-01 16:32:56,162 INFO com.netflix.discovery.shared.resolver.aws.ConfigClusterResolver [main] Resolving eureka endpoints via configuration
2022-07-01 16:32:56,451 INFO com.netflix.discovery.shared.resolver.aws.ConfigClusterResolver [main] Resolving eureka endpoints via configuration
2022-07-01 16:32:57,379 INFO com.netflix.discovery.DiscoveryClient [main] Initializing Eureka in region us-east-1
2022-07-01 16:32:57,444 INFO com.netflix.discovery.DiscoveryClient [main] Disable delta property : false
2022-07-01 16:32:57,446 INFO com.netflix.discovery.DiscoveryClient [main] Disable delta property : false
2022-07-01 16:32:57,457 INFO com.netflix.discovery.DiscoveryClient [main] Single vip registry refresh property : null
2022-07-01 16:32:57,461 INFO com.netflix.discovery.DiscoveryClient [main] Force full registry fetch : false
2022-07-01 16:32:57,464 INFO com.netflix.discovery.DiscoveryClient [main] Single vip registry refresh property : null
2022-07-01 16:32:57,465 INFO com.netflix.discovery.DiscoveryClient [main] Application is null : false
2022-07-01 16:32:57,473 INFO com.netflix.discovery.DiscoveryClient [main] Registered Applications size is zero : true
2022-07-01 16:32:57,476 INFO com.netflix.discovery.DiscoveryClient [main] Application version is -1: true
2022-07-01 16:32:57,481 INFO com.netflix.discovery.DiscoveryClient [main] Getting all instance registry info from the eureka server
2022-07-01 16:32:57,469 INFO com.netflix.discovery.DiscoveryClient [main] Force full registry fetch : false
2022-07-01 16:32:57,485 INFO com.netflix.discovery.DiscoveryClient [main] Application is null : false
2022-07-01 16:32:57,507 INFO com.netflix.discovery.DiscoveryClient [main] Registered Applications size is zero : true
2022-07-01 16:32:57,512 INFO com.netflix.discovery.DiscoveryClient [main] Application version is -1: true
2022-07-01 16:32:57,522 INFO com.netflix.discovery.DiscoveryClient [main] Getting all instance registry info from the eureka server
2022-07-01 16:32:57,637 INFO com.netflix.discovery.shared.resolver.aws.ConfigClusterResolver [main] Resolving eureka endpoints via configuration
2022-07-01 16:32:58,252 INFO com.netflix.discovery.DiscoveryClient [main] Disable delta property : false
2022-07-01 16:32:58,256 INFO com.netflix.discovery.DiscoveryClient [main] Single vip registry refresh property : null
2022-07-01 16:32:58,267 INFO com.netflix.discovery.DiscoveryClient [main] Force full registry fetch : false
2022-07-01 16:32:58,273 INFO com.netflix.discovery.DiscoveryClient [main] Application is null : false
2022-07-01 16:32:58,276 INFO com.netflix.discovery.DiscoveryClient [main] Registered Applications size is zero : true
2022-07-01 16:32:58,283 INFO com.netflix.discovery.DiscoveryClient [main] Application version is -1: true
2022-07-01 16:32:58,296 INFO com.netflix.discovery.DiscoveryClient [main] Getting all instance registry info from the eureka server
2022-07-01 16:33:10,169 INFO com.netflix.discovery.DiscoveryClient [main] The response status is 200
2022-07-01 16:33:10,169 INFO com.netflix.discovery.DiscoveryClient [main] The response status is 200
2022-07-01 16:33:10,191 INFO com.netflix.discovery.DiscoveryClient [main] Starting heartbeat executor: renew interval is: 30
2022-07-01 16:33:10,191 INFO com.netflix.discovery.DiscoveryClient [main] Starting heartbeat executor: renew interval is: 30
2022-07-01 16:33:10,228 INFO com.netflix.discovery.InstanceInfoReplicator [main] InstanceInfoReplicator onDemand update allowed rate per min is 4
2022-07-01 16:33:10,228 INFO com.netflix.discovery.InstanceInfoReplicator [main] InstanceInfoReplicator onDemand update allowed rate per min is 4
2022-07-01 16:33:10,256 INFO com.netflix.discovery.DiscoveryClient [main] The response status is 200
2022-07-01 16:33:10,281 INFO com.netflix.discovery.DiscoveryClient [main] Discovery Client initialized at timestamp 1656693190275 with initial instances count: 0
2022-07-01 16:33:10,290 INFO com.netflix.discovery.DiscoveryClient [main] Discovery Client initialized at timestamp 1656693190284 with initial instances count: 0
2022-07-01 16:33:10,296 INFO org.springframework.cloud.netflix.eureka.serviceregistry.EurekaServiceRegistry [main] Registering application SLAVE with eureka with status UP
2022-07-01 16:33:10,300 INFO com.netflix.discovery.DiscoveryClient [main] Starting heartbeat executor: renew interval is: 30
2022-07-01 16:33:10,303 INFO com.netflix.discovery.DiscoveryClient$3 [main] Saw local status change event StatusChangeEvent [timestamp=1656693190303, current=UP, previous=STARTING]
2022-07-01 16:33:10,305 INFO org.springframework.cloud.netflix.eureka.serviceregistry.EurekaServiceRegistry [main] Registering application SLAVE with eureka with status UP
2022-07-01 16:33:10,312 INFO com.netflix.discovery.DiscoveryClient$3 [main] Saw local status change event StatusChangeEvent [timestamp=1656693190312, current=UP, previous=STARTING]
2022-07-01 16:33:10,318 INFO org.apache.juli.logging.DirectJDKLog [main] Starting ProtocolHandler ["http-nio-2615"]
2022-07-01 16:33:10,329 INFO com.netflix.discovery.InstanceInfoReplicator [main] InstanceInfoReplicator onDemand update allowed rate per min is 4
2022-07-01 16:33:10,329 INFO org.apache.juli.logging.DirectJDKLog [main] Starting ProtocolHandler ["http-nio-2613"]
2022-07-01 16:33:10,329 INFO com.netflix.discovery.DiscoveryClient [DiscoveryClient-InstanceInfoReplicator-0] DiscoveryClient_SLAVE/141afb795b38:slave:2615: registering service...
2022-07-01 16:33:10,347 INFO com.netflix.discovery.DiscoveryClient [DiscoveryClient-InstanceInfoReplicator-0] DiscoveryClient_SLAVE/f38006ee6009:slave:2613: registering service...
2022-07-01 16:33:10,378 INFO com.netflix.discovery.DiscoveryClient [main] Discovery Client initialized at timestamp 1656693190373 with initial instances count: 0
2022-07-01 16:33:10,388 INFO org.springframework.cloud.netflix.eureka.serviceregistry.EurekaServiceRegistry [main] Registering application SLAVE with eureka with status UP
2022-07-01 16:33:10,395 INFO com.netflix.discovery.DiscoveryClient$3 [main] Saw local status change event StatusChangeEvent [timestamp=1656693190395, current=UP, previous=STARTING]
2022-07-01 16:33:10,423 INFO org.apache.juli.logging.DirectJDKLog [main] Starting ProtocolHandler ["http-nio-2614"]
2022-07-01 16:33:10,453 INFO com.netflix.discovery.DiscoveryClient [DiscoveryClient-InstanceInfoReplicator-0] DiscoveryClient_SLAVE/12f24e13e255:slave:2614: registering service...
2022-07-01 16:33:10,564 INFO org.springframework.boot.web.embedded.tomcat.TomcatWebServer [main] Tomcat started on port(s): 2615 (http) with context path ''
2022-07-01 16:33:10,582 INFO org.springframework.cloud.netflix.eureka.serviceregistry.EurekaAutoServiceRegistration [main] Updating port to 2615
2022-07-01 16:33:10,594 INFO org.springframework.boot.web.embedded.tomcat.TomcatWebServer [main] Tomcat started on port(s): 2613 (http) with context path ''
2022-07-01 16:33:10,605 INFO org.springframework.cloud.netflix.eureka.serviceregistry.EurekaAutoServiceRegistration [main] Updating port to 2613
2022-07-01 16:33:10,700 INFO org.springframework.boot.web.embedded.tomcat.TomcatWebServer [main] Tomcat started on port(s): 2614 (http) with context path ''
2022-07-01 16:33:10,724 INFO org.springframework.cloud.netflix.eureka.serviceregistry.EurekaAutoServiceRegistration [main] Updating port to 2614
2022-07-01 16:33:11,294 INFO com.netflix.discovery.DiscoveryClient [DiscoveryClient-InstanceInfoReplicator-0] DiscoveryClient_SLAVE/f38006ee6009:slave:2613 - registration status: 204
2022-07-01 16:33:11,307 INFO com.netflix.discovery.DiscoveryClient [DiscoveryClient-InstanceInfoReplicator-0] DiscoveryClient_SLAVE/141afb795b38:slave:2615 - registration status: 204
2022-07-01 16:33:11,377 INFO com.netflix.discovery.DiscoveryClient [DiscoveryClient-InstanceInfoReplicator-0] DiscoveryClient_SLAVE/12f24e13e255:slave:2614 - registration status: 204
2022-07-01 16:33:12,450 INFO org.springframework.boot.StartupInfoLogger [main] Started SlaveApplication in 121.286 seconds (JVM running for 132.402)
2022-07-01 16:33:12,451 INFO org.springframework.boot.StartupInfoLogger [main] Started SlaveApplication in 121.545 seconds (JVM running for 132.671)
2022-07-01 16:33:12,455 INFO org.springframework.boot.StartupInfoLogger [main] Started SlaveApplication in 121.987 seconds (JVM running for 133.154)
2022-07-01 16:33:40,189 INFO com.netflix.discovery.DiscoveryClient [DiscoveryClient-CacheRefreshExecutor-0] Disable delta property : false
2022-07-01 16:33:40,189 INFO com.netflix.discovery.DiscoveryClient [DiscoveryClient-CacheRefreshExecutor-0] Disable delta property : false
2022-07-01 16:33:40,190 INFO com.netflix.discovery.DiscoveryClient [DiscoveryClient-CacheRefreshExecutor-0] Single vip registry refresh property : null
2022-07-01 16:33:40,190 INFO com.netflix.discovery.DiscoveryClient [DiscoveryClient-CacheRefreshExecutor-0] Single vip registry refresh property : null
2022-07-01 16:33:40,191 INFO com.netflix.discovery.DiscoveryClient [DiscoveryClient-CacheRefreshExecutor-0] Force full registry fetch : false
2022-07-01 16:33:40,192 INFO com.netflix.discovery.DiscoveryClient [DiscoveryClient-CacheRefreshExecutor-0] Force full registry fetch : false
2022-07-01 16:33:40,193 INFO com.netflix.discovery.DiscoveryClient [DiscoveryClient-CacheRefreshExecutor-0] Application is null : false
2022-07-01 16:33:40,193 INFO com.netflix.discovery.DiscoveryClient [DiscoveryClient-CacheRefreshExecutor-0] Registered Applications size is zero : true
2022-07-01 16:33:40,193 INFO com.netflix.discovery.DiscoveryClient [DiscoveryClient-CacheRefreshExecutor-0] Application is null : false
2022-07-01 16:33:40,194 INFO com.netflix.discovery.DiscoveryClient [DiscoveryClient-CacheRefreshExecutor-0] Application version is -1: false
2022-07-01 16:33:40,194 INFO com.netflix.discovery.DiscoveryClient [DiscoveryClient-CacheRefreshExecutor-0] Registered Applications size is zero : true
2022-07-01 16:33:40,195 INFO com.netflix.discovery.DiscoveryClient [DiscoveryClient-CacheRefreshExecutor-0] Application version is -1: false
2022-07-01 16:33:40,195 INFO com.netflix.discovery.DiscoveryClient [DiscoveryClient-CacheRefreshExecutor-0] Getting all instance registry info from the eureka server
2022-07-01 16:33:40,196 INFO com.netflix.discovery.DiscoveryClient [DiscoveryClient-CacheRefreshExecutor-0] Getting all instance registry info from the eureka server
2022-07-01 16:33:40,244 INFO com.netflix.discovery.DiscoveryClient [DiscoveryClient-CacheRefreshExecutor-0] The response status is 200
2022-07-01 16:33:40,248 INFO com.netflix.discovery.DiscoveryClient [DiscoveryClient-CacheRefreshExecutor-0] The response status is 200
2022-07-01 16:33:40,297 INFO com.netflix.discovery.DiscoveryClient [DiscoveryClient-CacheRefreshExecutor-0] Disable delta property : false
2022-07-01 16:33:40,298 INFO com.netflix.discovery.DiscoveryClient [DiscoveryClient-CacheRefreshExecutor-0] Single vip registry refresh property : null
2022-07-01 16:33:40,299 INFO com.netflix.discovery.DiscoveryClient [DiscoveryClient-CacheRefreshExecutor-0] Force full registry fetch : false
2022-07-01 16:33:40,300 INFO com.netflix.discovery.DiscoveryClient [DiscoveryClient-CacheRefreshExecutor-0] Application is null : false
2022-07-01 16:33:40,301 INFO com.netflix.discovery.DiscoveryClient [DiscoveryClient-CacheRefreshExecutor-0] Registered Applications size is zero : true
2022-07-01 16:33:40,302 INFO com.netflix.discovery.DiscoveryClient [DiscoveryClient-CacheRefreshExecutor-0] Application version is -1: false
2022-07-01 16:33:40,302 INFO com.netflix.discovery.DiscoveryClient [DiscoveryClient-CacheRefreshExecutor-0] Getting all instance registry info from the eureka server
2022-07-01 16:33:40,341 INFO com.netflix.discovery.DiscoveryClient [DiscoveryClient-CacheRefreshExecutor-0] The response status is 200
2022-07-01 16:37:57,502 INFO com.netflix.discovery.shared.resolver.aws.ConfigClusterResolver [AsyncResolver-bootstrap-executor-0] Resolving eureka endpoints via configuration
2022-07-01 16:37:57,543 INFO com.netflix.discovery.shared.resolver.aws.ConfigClusterResolver [AsyncResolver-bootstrap-executor-0] Resolving eureka endpoints via configuration
2022-07-01 16:37:58,329 INFO com.netflix.discovery.shared.resolver.aws.ConfigClusterResolver [AsyncResolver-bootstrap-executor-0] Resolving eureka endpoints via configuration
2022-07-01 16:42:57,506 INFO com.netflix.discovery.shared.resolver.aws.ConfigClusterResolver [AsyncResolver-bootstrap-executor-0] Resolving eureka endpoints via configuration
2022-07-01 16:42:57,546 INFO com.netflix.discovery.shared.resolver.aws.ConfigClusterResolver [AsyncResolver-bootstrap-executor-0] Resolving eureka endpoints via configuration
2022-07-01 16:42:58,332 INFO com.netflix.discovery.shared.resolver.aws.ConfigClusterResolver [AsyncResolver-bootstrap-executor-0] Resolving eureka endpoints via configuration
2022-07-01 16:47:57,508 INFO com.netflix.discovery.shared.resolver.aws.ConfigClusterResolver [AsyncResolver-bootstrap-executor-0] Resolving eureka endpoints via configuration
2022-07-01 16:47:57,548 INFO com.netflix.discovery.shared.resolver.aws.ConfigClusterResolver [AsyncResolver-bootstrap-executor-0] Resolving eureka endpoints via configuration
2022-07-01 16:47:58,335 INFO com.netflix.discovery.shared.resolver.aws.ConfigClusterResolver [AsyncResolver-bootstrap-executor-0] Resolving eureka endpoints via configuration
2022-07-01 16:52:57,509 INFO com.netflix.discovery.shared.resolver.aws.ConfigClusterResolver [AsyncResolver-bootstrap-executor-0] Resolving eureka endpoints via configuration
2022-07-01 16:52:57,550 INFO com.netflix.discovery.shared.resolver.aws.ConfigClusterResolver [AsyncResolver-bootstrap-executor-0] Resolving eureka endpoints via configuration
2022-07-01 16:52:58,337 INFO com.netflix.discovery.shared.resolver.aws.ConfigClusterResolver [AsyncResolver-bootstrap-executor-0] Resolving eureka endpoints via configuration
2022-07-01 16:57:57,511 INFO com.netflix.discovery.shared.resolver.aws.ConfigClusterResolver [AsyncResolver-bootstrap-executor-0] Resolving eureka endpoints via configuration
2022-07-01 16:57:57,552 INFO com.netflix.discovery.shared.resolver.aws.ConfigClusterResolver [AsyncResolver-bootstrap-executor-0] Resolving eureka endpoints via configuration
2022-07-01 16:57:58,339 INFO com.netflix.discovery.shared.resolver.aws.ConfigClusterResolver [AsyncResolver-bootstrap-executor-0] Resolving eureka endpoints via configuration
2022-07-01 17:02:57,514 INFO com.netflix.discovery.shared.resolver.aws.ConfigClusterResolver [AsyncResolver-bootstrap-executor-0] Resolving eureka endpoints via configuration
2022-07-01 17:02:57,555 INFO com.netflix.discovery.shared.resolver.aws.ConfigClusterResolver [AsyncResolver-bootstrap-executor-0] Resolving eureka endpoints via configuration
2022-07-01 17:02:58,341 INFO com.netflix.discovery.shared.resolver.aws.ConfigClusterResolver [AsyncResolver-bootstrap-executor-0] Resolving eureka endpoints via configuration
2022-07-01 17:07:57,516 INFO com.netflix.discovery.shared.resolver.aws.ConfigClusterResolver [AsyncResolver-bootstrap-executor-0] Resolving eureka endpoints via configuration
2022-07-01 17:07:57,558 INFO com.netflix.discovery.shared.resolver.aws.ConfigClusterResolver [AsyncResolver-bootstrap-executor-0] Resolving eureka endpoints via configuration
2022-07-01 17:07:58,343 INFO com.netflix.discovery.shared.resolver.aws.ConfigClusterResolver [AsyncResolver-bootstrap-executor-0] Resolving eureka endpoints via configuration
2022-07-01 17:12:57,518 INFO com.netflix.discovery.shared.resolver.aws.ConfigClusterResolver [AsyncResolver-bootstrap-executor-0] Resolving eureka endpoints via configuration
2022-07-01 17:12:57,559 INFO com.netflix.discovery.shared.resolver.aws.ConfigClusterResolver [AsyncResolver-bootstrap-executor-0] Resolving eureka endpoints via configuration
2022-07-01 17:12:58,346 INFO com.netflix.discovery.shared.resolver.aws.ConfigClusterResolver [AsyncResolver-bootstrap-executor-0] Resolving eureka endpoints via configuration
2022-07-01 17:17:57,522 INFO com.netflix.discovery.shared.resolver.aws.ConfigClusterResolver [AsyncResolver-bootstrap-executor-0] Resolving eureka endpoints via configuration
2022-07-01 17:17:57,562 INFO com.netflix.discovery.shared.resolver.aws.ConfigClusterResolver [AsyncResolver-bootstrap-executor-0] Resolving eureka endpoints via configuration
2022-07-01 17:17:58,349 INFO com.netflix.discovery.shared.resolver.aws.ConfigClusterResolver [AsyncResolver-bootstrap-executor-0] Resolving eureka endpoints via configuration
2022-07-01 17:22:57,525 INFO com.netflix.discovery.shared.resolver.aws.ConfigClusterResolver [AsyncResolver-bootstrap-executor-0] Resolving eureka endpoints via configuration
2022-07-01 17:22:57,565 INFO com.netflix.discovery.shared.resolver.aws.ConfigClusterResolver [AsyncResolver-bootstrap-executor-0] Resolving eureka endpoints via configuration
2022-07-01 17:22:58,351 INFO com.netflix.discovery.shared.resolver.aws.ConfigClusterResolver [AsyncResolver-bootstrap-executor-0] Resolving eureka endpoints via configuration
2022-07-01 17:27:57,526 INFO com.netflix.discovery.shared.resolver.aws.ConfigClusterResolver [AsyncResolver-bootstrap-executor-0] Resolving eureka endpoints via configuration
2022-07-01 17:27:57,566 INFO com.netflix.discovery.shared.resolver.aws.ConfigClusterResolver [AsyncResolver-bootstrap-executor-0] Resolving eureka endpoints via configuration
2022-07-01 17:27:58,354 INFO com.netflix.discovery.shared.resolver.aws.ConfigClusterResolver [AsyncResolver-bootstrap-executor-0] Resolving eureka endpoints via configuration
2022-07-01 17:32:57,529 INFO com.netflix.discovery.shared.resolver.aws.ConfigClusterResolver [AsyncResolver-bootstrap-executor-0] Resolving eureka endpoints via configuration
2022-07-01 17:32:57,569 INFO com.netflix.discovery.shared.resolver.aws.ConfigClusterResolver [AsyncResolver-bootstrap-executor-0] Resolving eureka endpoints via configuration
2022-07-01 17:32:58,357 INFO com.netflix.discovery.shared.resolver.aws.ConfigClusterResolver [AsyncResolver-bootstrap-executor-0] Resolving eureka endpoints via configuration
2022-07-01 17:37:57,531 INFO com.netflix.discovery.shared.resolver.aws.ConfigClusterResolver [AsyncResolver-bootstrap-executor-0] Resolving eureka endpoints via configuration
2022-07-01 17:37:57,571 INFO com.netflix.discovery.shared.resolver.aws.ConfigClusterResolver [AsyncResolver-bootstrap-executor-0] Resolving eureka endpoints via configuration
2022-07-01 17:37:58,360 INFO com.netflix.discovery.shared.resolver.aws.ConfigClusterResolver [AsyncResolver-bootstrap-executor-0] Resolving eureka endpoints via configuration
2022-07-01 17:42:57,533 INFO com.netflix.discovery.shared.resolver.aws.ConfigClusterResolver [AsyncResolver-bootstrap-executor-0] Resolving eureka endpoints via configuration
2022-07-01 17:42:57,573 INFO com.netflix.discovery.shared.resolver.aws.ConfigClusterResolver [AsyncResolver-bootstrap-executor-0] Resolving eureka endpoints via configuration
2022-07-01 17:42:58,363 INFO com.netflix.discovery.shared.resolver.aws.ConfigClusterResolver [AsyncResolver-bootstrap-executor-0] Resolving eureka endpoints via configuration
2022-07-01 17:47:57,535 INFO com.netflix.discovery.shared.resolver.aws.ConfigClusterResolver [AsyncResolver-bootstrap-executor-0] Resolving eureka endpoints via configuration
2022-07-01 17:47:57,575 INFO com.netflix.discovery.shared.resolver.aws.ConfigClusterResolver [AsyncResolver-bootstrap-executor-0] Resolving eureka endpoints via configuration
2022-07-01 17:47:58,364 INFO com.netflix.discovery.shared.resolver.aws.ConfigClusterResolver [AsyncResolver-bootstrap-executor-0] Resolving eureka endpoints via configuration
2022-07-01 17:52:57,538 INFO com.netflix.discovery.shared.resolver.aws.ConfigClusterResolver [AsyncResolver-bootstrap-executor-0] Resolving eureka endpoints via configuration
2022-07-01 17:52:57,580 INFO com.netflix.discovery.shared.resolver.aws.ConfigClusterResolver [AsyncResolver-bootstrap-executor-0] Resolving eureka endpoints via configuration
2022-07-01 17:52:58,366 INFO com.netflix.discovery.shared.resolver.aws.ConfigClusterResolver [AsyncResolver-bootstrap-executor-0] Resolving eureka endpoints via configuration
2022-07-01 17:57:57,540 INFO com.netflix.discovery.shared.resolver.aws.ConfigClusterResolver [AsyncResolver-bootstrap-executor-0] Resolving eureka endpoints via configuration
2022-07-01 17:57:57,582 INFO com.netflix.discovery.shared.resolver.aws.ConfigClusterResolver [AsyncResolver-bootstrap-executor-0] Resolving eureka endpoints via configuration
2022-07-01 17:57:58,369 INFO com.netflix.discovery.shared.resolver.aws.ConfigClusterResolver [AsyncResolver-bootstrap-executor-0] Resolving eureka endpoints via configuration
2022-07-01 18:02:57,542 INFO com.netflix.discovery.shared.resolver.aws.ConfigClusterResolver [AsyncResolver-bootstrap-executor-0] Resolving eureka endpoints via configuration
2022-07-01 18:02:57,585 INFO com.netflix.discovery.shared.resolver.aws.ConfigClusterResolver [AsyncResolver-bootstrap-executor-0] Resolving eureka endpoints via configuration
2022-07-01 18:02:58,371 INFO com.netflix.discovery.shared.resolver.aws.ConfigClusterResolver [AsyncResolver-bootstrap-executor-0] Resolving eureka endpoints via configuration
2022-07-01 18:07:57,544 INFO com.netflix.discovery.shared.resolver.aws.ConfigClusterResolver [AsyncResolver-bootstrap-executor-0] Resolving eureka endpoints via configuration
2022-07-01 18:07:57,587 INFO com.netflix.discovery.shared.resolver.aws.ConfigClusterResolver [AsyncResolver-bootstrap-executor-0] Resolving eureka endpoints via configuration
2022-07-01 18:07:58,372 INFO com.netflix.discovery.shared.resolver.aws.ConfigClusterResolver [AsyncResolver-bootstrap-executor-0] Resolving eureka endpoints via configuration
2022-07-01 18:12:57,546 INFO com.netflix.discovery.shared.resolver.aws.ConfigClusterResolver [AsyncResolver-bootstrap-executor-0] Resolving eureka endpoints via configuration
2022-07-01 18:12:57,589 INFO com.netflix.discovery.shared.resolver.aws.ConfigClusterResolver [AsyncResolver-bootstrap-executor-0] Resolving eureka endpoints via configuration
2022-07-01 18:12:58,374 INFO com.netflix.discovery.shared.resolver.aws.ConfigClusterResolver [AsyncResolver-bootstrap-executor-0] Resolving eureka endpoints via configuration
2022-07-01 18:17:57,548 INFO com.netflix.discovery.shared.resolver.aws.ConfigClusterResolver [AsyncResolver-bootstrap-executor-0] Resolving eureka endpoints via configuration
2022-07-01 18:17:57,591 INFO com.netflix.discovery.shared.resolver.aws.ConfigClusterResolver [AsyncResolver-bootstrap-executor-0] Resolving eureka endpoints via configuration
2022-07-01 18:17:58,376 INFO com.netflix.discovery.shared.resolver.aws.ConfigClusterResolver [AsyncResolver-bootstrap-executor-0] Resolving eureka endpoints via configuration
2022-07-01 18:22:57,550 INFO com.netflix.discovery.shared.resolver.aws.ConfigClusterResolver [AsyncResolver-bootstrap-executor-0] Resolving eureka endpoints via configuration
2022-07-01 18:22:57,594 INFO com.netflix.discovery.shared.resolver.aws.ConfigClusterResolver [AsyncResolver-bootstrap-executor-0] Resolving eureka endpoints via configuration
2022-07-01 18:22:58,377 INFO com.netflix.discovery.shared.resolver.aws.ConfigClusterResolver [AsyncResolver-bootstrap-executor-0] Resolving eureka endpoints via configuration
2022-07-01 18:27:57,552 INFO com.netflix.discovery.shared.resolver.aws.ConfigClusterResolver [AsyncResolver-bootstrap-executor-0] Resolving eureka endpoints via configuration
2022-07-01 18:27:57,596 INFO com.netflix.discovery.shared.resolver.aws.ConfigClusterResolver [AsyncResolver-bootstrap-executor-0] Resolving eureka endpoints via configuration
2022-07-01 18:27:58,379 INFO com.netflix.discovery.shared.resolver.aws.ConfigClusterResolver [AsyncResolver-bootstrap-executor-0] Resolving eureka endpoints via configuration
2022-07-01 18:32:57,555 INFO com.netflix.discovery.shared.resolver.aws.ConfigClusterResolver [AsyncResolver-bootstrap-executor-0] Resolving eureka endpoints via configuration
2022-07-01 18:32:57,598 INFO com.netflix.discovery.shared.resolver.aws.ConfigClusterResolver [AsyncResolver-bootstrap-executor-0] Resolving eureka endpoints via configuration
2022-07-01 18:32:58,381 INFO com.netflix.discovery.shared.resolver.aws.ConfigClusterResolver [AsyncResolver-bootstrap-executor-0] Resolving eureka endpoints via configuration
2022-07-01 18:37:57,556 INFO com.netflix.discovery.shared.resolver.aws.ConfigClusterResolver [AsyncResolver-bootstrap-executor-0] Resolving eureka endpoints via configuration
2022-07-01 18:37:57,599 INFO com.netflix.discovery.shared.resolver.aws.ConfigClusterResolver [AsyncResolver-bootstrap-executor-0] Resolving eureka endpoints via configuration
2022-07-01 18:37:58,382 INFO com.netflix.discovery.shared.resolver.aws.ConfigClusterResolver [AsyncResolver-bootstrap-executor-0] Resolving eureka endpoints via configuration
2022-07-01 18:42:57,560 INFO com.netflix.discovery.shared.resolver.aws.ConfigClusterResolver [AsyncResolver-bootstrap-executor-0] Resolving eureka endpoints via configuration
2022-07-01 18:42:57,602 INFO com.netflix.discovery.shared.resolver.aws.ConfigClusterResolver [AsyncResolver-bootstrap-executor-0] Resolving eureka endpoints via configuration
2022-07-01 18:42:58,384 INFO com.netflix.discovery.shared.resolver.aws.ConfigClusterResolver [AsyncResolver-bootstrap-executor-0] Resolving eureka endpoints via configuration
2022-07-01 18:47:57,562 INFO com.netflix.discovery.shared.resolver.aws.ConfigClusterResolver [AsyncResolver-bootstrap-executor-0] Resolving eureka endpoints via configuration
2022-07-01 18:47:57,605 INFO com.netflix.discovery.shared.resolver.aws.ConfigClusterResolver [AsyncResolver-bootstrap-executor-0] Resolving eureka endpoints via configuration
2022-07-01 18:47:58,386 INFO com.netflix.discovery.shared.resolver.aws.ConfigClusterResolver [AsyncResolver-bootstrap-executor-0] Resolving eureka endpoints via configuration
2022-07-01 18:52:57,565 INFO com.netflix.discovery.shared.resolver.aws.ConfigClusterResolver [AsyncResolver-bootstrap-executor-0] Resolving eureka endpoints via configuration
2022-07-01 18:52:57,607 INFO com.netflix.discovery.shared.resolver.aws.ConfigClusterResolver [AsyncResolver-bootstrap-executor-0] Resolving eureka endpoints via configuration
2022-07-01 18:52:58,387 INFO com.netflix.discovery.shared.resolver.aws.ConfigClusterResolver [AsyncResolver-bootstrap-executor-0] Resolving eureka endpoints via configuration
2022-07-01 18:57:57,567 INFO com.netflix.discovery.shared.resolver.aws.ConfigClusterResolver [AsyncResolver-bootstrap-executor-0] Resolving eureka endpoints via configuration
2022-07-01 18:57:57,622 INFO com.netflix.discovery.shared.resolver.aws.ConfigClusterResolver [AsyncResolver-bootstrap-executor-0] Resolving eureka endpoints via configuration
2022-07-01 18:57:58,391 INFO com.netflix.discovery.shared.resolver.aws.ConfigClusterResolver [AsyncResolver-bootstrap-executor-0] Resolving eureka endpoints via configuration
2022-07-01 19:02:57,569 INFO com.netflix.discovery.shared.resolver.aws.ConfigClusterResolver [AsyncResolver-bootstrap-executor-0] Resolving eureka endpoints via configuration
2022-07-01 19:02:57,624 INFO com.netflix.discovery.shared.resolver.aws.ConfigClusterResolver [AsyncResolver-bootstrap-executor-0] Resolving eureka endpoints via configuration
2022-07-01 19:02:58,393 INFO com.netflix.discovery.shared.resolver.aws.ConfigClusterResolver [AsyncResolver-bootstrap-executor-0] Resolving eureka endpoints via configuration
2022-07-01 19:07:57,571 INFO com.netflix.discovery.shared.resolver.aws.ConfigClusterResolver [AsyncResolver-bootstrap-executor-0] Resolving eureka endpoints via configuration
2022-07-01 19:07:57,626 INFO com.netflix.discovery.shared.resolver.aws.ConfigClusterResolver [AsyncResolver-bootstrap-executor-0] Resolving eureka endpoints via configuration
2022-07-01 19:07:58,395 INFO com.netflix.discovery.shared.resolver.aws.ConfigClusterResolver [AsyncResolver-bootstrap-executor-0] Resolving eureka endpoints via configuration
2022-07-01 19:12:18,400 INFO org.springframework.cloud.netflix.eureka.serviceregistry.EurekaServiceRegistry [SpringApplicationShutdownHook] Unregistering application SLAVE with eureka with status DOWN
2022-07-01 19:12:18,400 INFO org.springframework.cloud.netflix.eureka.serviceregistry.EurekaServiceRegistry [SpringApplicationShutdownHook] Unregistering application SLAVE with eureka with status DOWN
2022-07-01 19:12:18,410 INFO com.netflix.discovery.DiscoveryClient$3 [SpringApplicationShutdownHook] Saw local status change event StatusChangeEvent [timestamp=1656702738409, current=DOWN, previous=UP]
2022-07-01 19:12:18,417 INFO com.netflix.discovery.DiscoveryClient [DiscoveryClient-InstanceInfoReplicator-0] DiscoveryClient_SLAVE/f38006ee6009:slave:2613: registering service...
2022-07-01 19:12:18,418 INFO com.netflix.discovery.DiscoveryClient$3 [SpringApplicationShutdownHook] Saw local status change event StatusChangeEvent [timestamp=1656702738418, current=DOWN, previous=UP]
2022-07-01 19:12:18,416 INFO org.springframework.cloud.netflix.eureka.serviceregistry.EurekaServiceRegistry [SpringApplicationShutdownHook] Unregistering application SLAVE with eureka with status DOWN
2022-07-01 19:12:18,440 INFO com.netflix.discovery.DiscoveryClient [DiscoveryClient-InstanceInfoReplicator-0] DiscoveryClient_SLAVE/141afb795b38:slave:2615: registering service...
2022-07-01 19:12:18,438 INFO com.netflix.discovery.DiscoveryClient$3 [SpringApplicationShutdownHook] Saw local status change event StatusChangeEvent [timestamp=1656702738438, current=DOWN, previous=UP]
2022-07-01 19:12:18,459 INFO com.netflix.discovery.DiscoveryClient [DiscoveryClient-InstanceInfoReplicator-0] DiscoveryClient_SLAVE/12f24e13e255:slave:2614: registering service...
2022-07-01 19:12:18,519 INFO com.netflix.discovery.DiscoveryClient [DiscoveryClient-InstanceInfoReplicator-0] DiscoveryClient_SLAVE/f38006ee6009:slave:2613 - registration status: 204
2022-07-01 19:12:18,520 INFO com.netflix.discovery.DiscoveryClient [DiscoveryClient-InstanceInfoReplicator-0] DiscoveryClient_SLAVE/141afb795b38:slave:2615 - registration status: 204
2022-07-01 19:12:18,535 INFO com.netflix.discovery.DiscoveryClient [DiscoveryClient-InstanceInfoReplicator-0] DiscoveryClient_SLAVE/12f24e13e255:slave:2614 - registration status: 204
2022-07-01 19:12:18,646 INFO com.netflix.discovery.DiscoveryClient [SpringApplicationShutdownHook] Shutting down DiscoveryClient ...
2022-07-01 19:12:18,667 INFO com.netflix.discovery.DiscoveryClient [SpringApplicationShutdownHook] Shutting down DiscoveryClient ...
2022-07-01 19:12:18,672 INFO com.netflix.discovery.DiscoveryClient [SpringApplicationShutdownHook] Shutting down DiscoveryClient ...
2022-07-01 19:12:21,661 INFO com.netflix.discovery.DiscoveryClient [SpringApplicationShutdownHook] Unregistering ...
2022-07-01 19:12:21,679 INFO com.netflix.discovery.DiscoveryClient [SpringApplicationShutdownHook] Unregistering ...
2022-07-01 19:12:21,682 INFO com.netflix.discovery.DiscoveryClient [SpringApplicationShutdownHook] Unregistering ...
2022-07-01 19:12:21,692 INFO com.netflix.discovery.DiscoveryClient [SpringApplicationShutdownHook] DiscoveryClient_SLAVE/141afb795b38:slave:2615 - deregister  status: 200
2022-07-01 19:12:21,734 INFO com.netflix.discovery.DiscoveryClient [SpringApplicationShutdownHook] DiscoveryClient_SLAVE/12f24e13e255:slave:2614 - deregister  status: 200
2022-07-01 19:12:21,721 INFO com.netflix.discovery.DiscoveryClient [SpringApplicationShutdownHook] Completed shut down of DiscoveryClient
2022-07-01 19:12:21,743 INFO com.netflix.discovery.DiscoveryClient [SpringApplicationShutdownHook] DiscoveryClient_SLAVE/f38006ee6009:slave:2613 - deregister  status: 200
2022-07-01 19:12:21,766 INFO com.netflix.discovery.DiscoveryClient [SpringApplicationShutdownHook] Completed shut down of DiscoveryClient
2022-07-01 19:12:21,834 INFO com.netflix.discovery.DiscoveryClient [SpringApplicationShutdownHook] Completed shut down of DiscoveryClient
2022-07-01 19:34:23,858 INFO org.springframework.boot.StartupInfoLogger [main] Starting SlaveApplication v0.0.1-SNAPSHOT using Java 1.8.0_212 on 7ba968137573 with PID 1 (/usr/src/myapp/slave/target/slave-0.0.1-SNAPSHOT.jar started by root in /usr/src/myapp/slave)
2022-07-01 19:34:24,074 INFO org.springframework.boot.SpringApplication [main] No active profile set, falling back to 1 default profile: "default"
2022-07-01 19:34:24,326 INFO org.springframework.boot.StartupInfoLogger [main] Starting SlaveApplication v0.0.1-SNAPSHOT using Java 1.8.0_212 on 2e54f8e946dc with PID 1 (/usr/src/myapp/slave/target/slave-0.0.1-SNAPSHOT.jar started by root in /usr/src/myapp/slave)
2022-07-01 19:34:24,494 INFO org.springframework.boot.SpringApplication [main] No active profile set, falling back to 1 default profile: "default"
2022-07-01 19:34:24,532 INFO org.springframework.boot.StartupInfoLogger [main] Starting SlaveApplication v0.0.1-SNAPSHOT using Java 1.8.0_212 on e7fa4aeba2ce with PID 1 (/usr/src/myapp/slave/target/slave-0.0.1-SNAPSHOT.jar started by root in /usr/src/myapp/slave)
2022-07-01 19:34:24,784 INFO org.springframework.boot.SpringApplication [main] No active profile set, falling back to 1 default profile: "default"
2022-07-01 19:34:45,012 INFO org.springframework.cloud.context.scope.GenericScope [main] BeanFactory id=84bac28b-ee13-3dee-b622-990bbbb741f5
2022-07-01 19:34:45,245 INFO org.springframework.cloud.context.scope.GenericScope [main] BeanFactory id=84bac28b-ee13-3dee-b622-990bbbb741f5
2022-07-01 19:34:45,332 INFO org.springframework.cloud.context.scope.GenericScope [main] BeanFactory id=84bac28b-ee13-3dee-b622-990bbbb741f5
2022-07-01 19:34:50,908 INFO org.springframework.boot.web.embedded.tomcat.TomcatWebServer [main] Tomcat initialized with port(s): 2614 (http)
2022-07-01 19:34:50,982 INFO org.apache.juli.logging.DirectJDKLog [main] Initializing ProtocolHandler ["http-nio-2614"]
2022-07-01 19:34:50,990 INFO org.apache.juli.logging.DirectJDKLog [main] Starting service [Tomcat]
2022-07-01 19:34:50,994 INFO org.apache.juli.logging.DirectJDKLog [main] Starting Servlet engine: [Apache Tomcat/9.0.63]
2022-07-01 19:34:51,023 INFO org.springframework.boot.web.embedded.tomcat.TomcatWebServer [main] Tomcat initialized with port(s): 2613 (http)
2022-07-01 19:34:51,060 INFO org.springframework.boot.web.embedded.tomcat.TomcatWebServer [main] Tomcat initialized with port(s): 2615 (http)
2022-07-01 19:34:51,116 INFO org.apache.juli.logging.DirectJDKLog [main] Initializing ProtocolHandler ["http-nio-2613"]
2022-07-01 19:34:51,121 INFO org.apache.juli.logging.DirectJDKLog [main] Starting service [Tomcat]
2022-07-01 19:34:51,123 INFO org.apache.juli.logging.DirectJDKLog [main] Starting Servlet engine: [Apache Tomcat/9.0.63]
2022-07-01 19:34:51,173 INFO org.apache.juli.logging.DirectJDKLog [main] Initializing ProtocolHandler ["http-nio-2615"]
2022-07-01 19:34:51,182 INFO org.apache.juli.logging.DirectJDKLog [main] Starting service [Tomcat]
2022-07-01 19:34:51,185 INFO org.apache.juli.logging.DirectJDKLog [main] Starting Servlet engine: [Apache Tomcat/9.0.63]
2022-07-01 19:34:51,667 INFO org.apache.juli.logging.DirectJDKLog [main] Initializing Spring embedded WebApplicationContext
2022-07-01 19:34:51,671 INFO org.springframework.boot.web.servlet.context.ServletWebServerApplicationContext [main] Root WebApplicationContext: initialization completed in 25207 ms
2022-07-01 19:34:51,697 INFO org.apache.juli.logging.DirectJDKLog [main] Initializing Spring embedded WebApplicationContext
2022-07-01 19:34:51,699 INFO org.springframework.boot.web.servlet.context.ServletWebServerApplicationContext [main] Root WebApplicationContext: initialization completed in 24771 ms
2022-07-01 19:34:51,884 INFO org.apache.juli.logging.DirectJDKLog [main] Initializing Spring embedded WebApplicationContext
2022-07-01 19:34:51,887 INFO org.springframework.boot.web.servlet.context.ServletWebServerApplicationContext [main] Root WebApplicationContext: initialization completed in 24963 ms
2022-07-01 19:35:16,183 INFO org.springframework.cloud.netflix.eureka.config.DiscoveryClientOptionalArgsConfiguration [main] Eureka HTTP Client uses RestTemplate.
2022-07-01 19:35:16,604 INFO org.springframework.cloud.netflix.eureka.config.DiscoveryClientOptionalArgsConfiguration [main] Eureka HTTP Client uses RestTemplate.
2022-07-01 19:35:17,839 WARN org.springframework.cloud.loadbalancer.config.LoadBalancerCacheAutoConfiguration$LoadBalancerCaffeineWarnLogger [main] Spring Cloud LoadBalancer is currently working with the default cache. While this cache implementation is useful for development and tests, it's recommended to use Caffeine cache in production.You can switch to using Caffeine cache, by adding it and org.springframework.cache.caffeine.CaffeineCacheManager to the classpath.
2022-07-01 19:35:18,309 WARN org.springframework.cloud.loadbalancer.config.LoadBalancerCacheAutoConfiguration$LoadBalancerCaffeineWarnLogger [main] Spring Cloud LoadBalancer is currently working with the default cache. While this cache implementation is useful for development and tests, it's recommended to use Caffeine cache in production.You can switch to using Caffeine cache, by adding it and org.springframework.cache.caffeine.CaffeineCacheManager to the classpath.
2022-07-01 19:35:18,397 INFO org.springframework.cloud.netflix.eureka.InstanceInfoFactory [main] Setting initial instance status as: STARTING
2022-07-01 19:35:18,492 INFO org.springframework.cloud.netflix.eureka.config.DiscoveryClientOptionalArgsConfiguration [main] Eureka HTTP Client uses RestTemplate.
2022-07-01 19:35:19,173 INFO org.springframework.cloud.netflix.eureka.InstanceInfoFactory [main] Setting initial instance status as: STARTING
2022-07-01 19:35:19,765 INFO com.netflix.discovery.DiscoveryClient [main] Initializing Eureka in region us-east-1
2022-07-01 19:35:20,017 INFO com.netflix.discovery.shared.resolver.aws.ConfigClusterResolver [main] Resolving eureka endpoints via configuration
2022-07-01 19:35:20,769 INFO com.netflix.discovery.DiscoveryClient [main] Disable delta property : false
2022-07-01 19:35:20,778 INFO com.netflix.discovery.DiscoveryClient [main] Single vip registry refresh property : null
2022-07-01 19:35:20,809 INFO com.netflix.discovery.DiscoveryClient [main] Force full registry fetch : false
2022-07-01 19:35:20,812 INFO com.netflix.discovery.DiscoveryClient [main] Application is null : false
2022-07-01 19:35:20,819 INFO com.netflix.discovery.DiscoveryClient [main] Registered Applications size is zero : true
2022-07-01 19:35:20,829 INFO com.netflix.discovery.DiscoveryClient [main] Application version is -1: true
2022-07-01 19:35:20,841 INFO com.netflix.discovery.DiscoveryClient [main] Getting all instance registry info from the eureka server
2022-07-01 19:35:21,008 INFO com.netflix.discovery.DiscoveryClient [main] Initializing Eureka in region us-east-1
2022-07-01 19:35:21,381 WARN org.springframework.cloud.loadbalancer.config.LoadBalancerCacheAutoConfiguration$LoadBalancerCaffeineWarnLogger [main] Spring Cloud LoadBalancer is currently working with the default cache. While this cache implementation is useful for development and tests, it's recommended to use Caffeine cache in production.You can switch to using Caffeine cache, by adding it and org.springframework.cache.caffeine.CaffeineCacheManager to the classpath.
2022-07-01 19:35:21,402 INFO com.netflix.discovery.shared.resolver.aws.ConfigClusterResolver [main] Resolving eureka endpoints via configuration
2022-07-01 19:35:22,255 INFO org.springframework.cloud.netflix.eureka.InstanceInfoFactory [main] Setting initial instance status as: STARTING
2022-07-01 19:35:22,296 INFO com.netflix.discovery.DiscoveryClient [main] Disable delta property : false
2022-07-01 19:35:22,304 INFO com.netflix.discovery.DiscoveryClient [main] Single vip registry refresh property : null
2022-07-01 19:35:22,310 INFO com.netflix.discovery.DiscoveryClient [main] Force full registry fetch : false
2022-07-01 19:35:22,313 INFO com.netflix.discovery.DiscoveryClient [main] Application is null : false
2022-07-01 19:35:22,321 INFO com.netflix.discovery.DiscoveryClient [main] Registered Applications size is zero : true
2022-07-01 19:35:22,323 INFO com.netflix.discovery.DiscoveryClient [main] Application version is -1: true
2022-07-01 19:35:22,336 INFO com.netflix.discovery.DiscoveryClient [main] Getting all instance registry info from the eureka server
2022-07-01 19:35:25,274 INFO com.netflix.discovery.DiscoveryClient [main] Initializing Eureka in region us-east-1
2022-07-01 19:35:25,442 INFO com.netflix.discovery.shared.resolver.aws.ConfigClusterResolver [main] Resolving eureka endpoints via configuration
2022-07-01 19:35:25,922 INFO com.netflix.discovery.DiscoveryClient [main] Disable delta property : false
2022-07-01 19:35:25,926 INFO com.netflix.discovery.DiscoveryClient [main] Single vip registry refresh property : null
2022-07-01 19:35:25,932 INFO com.netflix.discovery.DiscoveryClient [main] Force full registry fetch : false
2022-07-01 19:35:25,934 INFO com.netflix.discovery.DiscoveryClient [main] Application is null : false
2022-07-01 19:35:25,937 INFO com.netflix.discovery.DiscoveryClient [main] Registered Applications size is zero : true
2022-07-01 19:35:25,940 INFO com.netflix.discovery.DiscoveryClient [main] Application version is -1: true
2022-07-01 19:35:25,943 INFO com.netflix.discovery.DiscoveryClient [main] Getting all instance registry info from the eureka server
2022-07-01 19:35:31,251 INFO com.netflix.discovery.DiscoveryClient [main] The response status is 200
2022-07-01 19:35:31,261 INFO com.netflix.discovery.DiscoveryClient [main] The response status is 200
2022-07-01 19:35:31,264 INFO com.netflix.discovery.DiscoveryClient [main] Starting heartbeat executor: renew interval is: 30
2022-07-01 19:35:31,277 INFO com.netflix.discovery.DiscoveryClient [main] Starting heartbeat executor: renew interval is: 30
2022-07-01 19:35:31,294 INFO com.netflix.discovery.InstanceInfoReplicator [main] InstanceInfoReplicator onDemand update allowed rate per min is 4
2022-07-01 19:35:31,295 INFO com.netflix.discovery.InstanceInfoReplicator [main] InstanceInfoReplicator onDemand update allowed rate per min is 4
2022-07-01 19:35:31,325 INFO com.netflix.discovery.DiscoveryClient [main] Discovery Client initialized at timestamp 1656704131322 with initial instances count: 0
2022-07-01 19:35:31,330 INFO org.springframework.cloud.netflix.eureka.serviceregistry.EurekaServiceRegistry [main] Registering application SLAVE with eureka with status UP
2022-07-01 19:35:31,334 INFO com.netflix.discovery.DiscoveryClient [main] Discovery Client initialized at timestamp 1656704131330 with initial instances count: 0
2022-07-01 19:35:31,339 INFO org.springframework.cloud.netflix.eureka.serviceregistry.EurekaServiceRegistry [main] Registering application SLAVE with eureka with status UP
2022-07-01 19:35:31,342 INFO com.netflix.discovery.DiscoveryClient$3 [main] Saw local status change event StatusChangeEvent [timestamp=1656704131342, current=UP, previous=STARTING]
2022-07-01 19:35:31,344 INFO com.netflix.discovery.DiscoveryClient$3 [main] Saw local status change event StatusChangeEvent [timestamp=1656704131344, current=UP, previous=STARTING]
2022-07-01 19:35:31,355 INFO org.apache.juli.logging.DirectJDKLog [main] Starting ProtocolHandler ["http-nio-2615"]
2022-07-01 19:35:31,359 INFO org.apache.juli.logging.DirectJDKLog [main] Starting ProtocolHandler ["http-nio-2614"]
2022-07-01 19:35:31,365 INFO com.netflix.discovery.DiscoveryClient [DiscoveryClient-InstanceInfoReplicator-0] DiscoveryClient_SLAVE/e7fa4aeba2ce:slave:2615: registering service...
2022-07-01 19:35:31,399 INFO com.netflix.discovery.DiscoveryClient [DiscoveryClient-InstanceInfoReplicator-0] DiscoveryClient_SLAVE/7ba968137573:slave:2614: registering service...
2022-07-01 19:35:31,558 INFO org.springframework.boot.web.embedded.tomcat.TomcatWebServer [main] Tomcat started on port(s): 2615 (http) with context path ''
2022-07-01 19:35:31,566 INFO org.springframework.cloud.netflix.eureka.serviceregistry.EurekaAutoServiceRegistration [main] Updating port to 2615
2022-07-01 19:35:31,625 INFO org.springframework.boot.web.embedded.tomcat.TomcatWebServer [main] Tomcat started on port(s): 2614 (http) with context path ''
2022-07-01 19:35:31,671 INFO org.springframework.cloud.netflix.eureka.serviceregistry.EurekaAutoServiceRegistration [main] Updating port to 2614
2022-07-01 19:35:32,429 INFO com.netflix.discovery.DiscoveryClient [DiscoveryClient-InstanceInfoReplicator-0] DiscoveryClient_SLAVE/7ba968137573:slave:2614 - registration status: 204
2022-07-01 19:35:32,431 INFO com.netflix.discovery.DiscoveryClient [DiscoveryClient-InstanceInfoReplicator-0] DiscoveryClient_SLAVE/e7fa4aeba2ce:slave:2615 - registration status: 204
2022-07-01 19:35:32,815 INFO com.netflix.discovery.DiscoveryClient [main] The response status is 200
2022-07-01 19:35:32,870 INFO com.netflix.discovery.DiscoveryClient [main] Starting heartbeat executor: renew interval is: 30
2022-07-01 19:35:32,995 INFO com.netflix.discovery.InstanceInfoReplicator [main] InstanceInfoReplicator onDemand update allowed rate per min is 4
2022-07-01 19:35:33,087 INFO com.netflix.discovery.DiscoveryClient [main] Discovery Client initialized at timestamp 1656704133081 with initial instances count: 0
2022-07-01 19:35:33,100 INFO org.springframework.cloud.netflix.eureka.serviceregistry.EurekaServiceRegistry [main] Registering application SLAVE with eureka with status UP
2022-07-01 19:35:33,122 INFO com.netflix.discovery.DiscoveryClient$3 [main] Saw local status change event StatusChangeEvent [timestamp=1656704133122, current=UP, previous=STARTING]
2022-07-01 19:35:33,153 INFO org.apache.juli.logging.DirectJDKLog [main] Starting ProtocolHandler ["http-nio-2613"]
2022-07-01 19:35:33,284 INFO com.netflix.discovery.DiscoveryClient [DiscoveryClient-InstanceInfoReplicator-0] DiscoveryClient_SLAVE/2e54f8e946dc:slave:2613: registering service...
2022-07-01 19:35:33,660 INFO org.springframework.boot.web.embedded.tomcat.TomcatWebServer [main] Tomcat started on port(s): 2613 (http) with context path ''
2022-07-01 19:35:33,689 INFO org.springframework.cloud.netflix.eureka.serviceregistry.EurekaAutoServiceRegistration [main] Updating port to 2613
2022-07-01 19:35:33,727 INFO org.springframework.boot.StartupInfoLogger [main] Started SlaveApplication in 84.485 seconds (JVM running for 101.838)
2022-07-01 19:35:34,174 INFO org.springframework.boot.StartupInfoLogger [main] Started SlaveApplication in 84.549 seconds (JVM running for 101.502)
2022-07-01 19:35:34,347 INFO com.netflix.discovery.DiscoveryClient [DiscoveryClient-InstanceInfoReplicator-0] DiscoveryClient_SLAVE/2e54f8e946dc:slave:2613 - registration status: 204
2022-07-01 19:35:35,175 INFO org.springframework.boot.StartupInfoLogger [main] Started SlaveApplication in 85.538 seconds (JVM running for 102.507)
2022-07-01 19:36:01,266 INFO com.netflix.discovery.DiscoveryClient [DiscoveryClient-CacheRefreshExecutor-0] Disable delta property : false
2022-07-01 19:36:01,267 INFO com.netflix.discovery.DiscoveryClient [DiscoveryClient-CacheRefreshExecutor-0] Single vip registry refresh property : null
2022-07-01 19:36:01,268 INFO com.netflix.discovery.DiscoveryClient [DiscoveryClient-CacheRefreshExecutor-0] Force full registry fetch : false
2022-07-01 19:36:01,271 INFO com.netflix.discovery.DiscoveryClient [DiscoveryClient-CacheRefreshExecutor-0] Application is null : false
2022-07-01 19:36:01,272 INFO com.netflix.discovery.DiscoveryClient [DiscoveryClient-CacheRefreshExecutor-0] Registered Applications size is zero : true
2022-07-01 19:36:01,273 INFO com.netflix.discovery.DiscoveryClient [DiscoveryClient-CacheRefreshExecutor-0] Application version is -1: false
2022-07-01 19:36:01,274 INFO com.netflix.discovery.DiscoveryClient [DiscoveryClient-CacheRefreshExecutor-0] Getting all instance registry info from the eureka server
2022-07-01 19:36:01,278 INFO com.netflix.discovery.DiscoveryClient [DiscoveryClient-CacheRefreshExecutor-0] Disable delta property : false
2022-07-01 19:36:01,282 INFO com.netflix.discovery.DiscoveryClient [DiscoveryClient-CacheRefreshExecutor-0] Single vip registry refresh property : null
2022-07-01 19:36:01,284 INFO com.netflix.discovery.DiscoveryClient [DiscoveryClient-CacheRefreshExecutor-0] Force full registry fetch : false
2022-07-01 19:36:01,304 INFO com.netflix.discovery.DiscoveryClient [DiscoveryClient-CacheRefreshExecutor-0] Application is null : false
2022-07-01 19:36:01,309 INFO com.netflix.discovery.DiscoveryClient [DiscoveryClient-CacheRefreshExecutor-0] Registered Applications size is zero : true
2022-07-01 19:36:01,311 INFO com.netflix.discovery.DiscoveryClient [DiscoveryClient-CacheRefreshExecutor-0] Application version is -1: false
2022-07-01 19:36:01,312 INFO com.netflix.discovery.DiscoveryClient [DiscoveryClient-CacheRefreshExecutor-0] Getting all instance registry info from the eureka server
2022-07-01 19:36:01,571 INFO com.netflix.discovery.DiscoveryClient [DiscoveryClient-CacheRefreshExecutor-0] The response status is 200
2022-07-01 19:36:01,703 INFO com.netflix.discovery.DiscoveryClient [DiscoveryClient-CacheRefreshExecutor-0] The response status is 200
2022-07-01 19:36:02,923 INFO com.netflix.discovery.DiscoveryClient [DiscoveryClient-CacheRefreshExecutor-0] Disable delta property : false
2022-07-01 19:36:02,931 INFO com.netflix.discovery.DiscoveryClient [DiscoveryClient-CacheRefreshExecutor-0] Single vip registry refresh property : null
2022-07-01 19:36:02,934 INFO com.netflix.discovery.DiscoveryClient [DiscoveryClient-CacheRefreshExecutor-0] Force full registry fetch : false
2022-07-01 19:36:02,938 INFO com.netflix.discovery.DiscoveryClient [DiscoveryClient-CacheRefreshExecutor-0] Application is null : false
2022-07-01 19:36:02,940 INFO com.netflix.discovery.DiscoveryClient [DiscoveryClient-CacheRefreshExecutor-0] Registered Applications size is zero : true
2022-07-01 19:36:02,942 INFO com.netflix.discovery.DiscoveryClient [DiscoveryClient-CacheRefreshExecutor-0] Application version is -1: false
2022-07-01 19:36:02,948 INFO com.netflix.discovery.DiscoveryClient [DiscoveryClient-CacheRefreshExecutor-0] Getting all instance registry info from the eureka server
2022-07-01 19:36:03,181 INFO com.netflix.discovery.DiscoveryClient [DiscoveryClient-CacheRefreshExecutor-0] The response status is 200
2022-07-01 19:40:20,868 INFO com.netflix.discovery.shared.resolver.aws.ConfigClusterResolver [AsyncResolver-bootstrap-executor-0] Resolving eureka endpoints via configuration
2022-07-01 19:40:22,393 INFO com.netflix.discovery.shared.resolver.aws.ConfigClusterResolver [AsyncResolver-bootstrap-executor-0] Resolving eureka endpoints via configuration
2022-07-01 19:40:25,957 INFO com.netflix.discovery.shared.resolver.aws.ConfigClusterResolver [AsyncResolver-bootstrap-executor-0] Resolving eureka endpoints via configuration
2022-07-01 19:43:07,526 INFO org.apache.juli.logging.DirectJDKLog [http-nio-2615-exec-1] Initializing Spring DispatcherServlet 'dispatcherServlet'
2022-07-01 19:43:07,529 INFO org.springframework.web.servlet.FrameworkServlet [http-nio-2615-exec-1] Initializing Servlet 'dispatcherServlet'
2022-07-01 19:43:07,548 INFO org.springframework.web.servlet.FrameworkServlet [http-nio-2615-exec-1] Completed initialization in 13 ms
2022-07-01 19:45:20,879 INFO com.netflix.discovery.shared.resolver.aws.ConfigClusterResolver [AsyncResolver-bootstrap-executor-0] Resolving eureka endpoints via configuration
2022-07-01 19:45:22,403 INFO com.netflix.discovery.shared.resolver.aws.ConfigClusterResolver [AsyncResolver-bootstrap-executor-0] Resolving eureka endpoints via configuration
2022-07-01 19:45:25,967 INFO com.netflix.discovery.shared.resolver.aws.ConfigClusterResolver [AsyncResolver-bootstrap-executor-0] Resolving eureka endpoints via configuration
2022-07-01 19:46:58,345 INFO org.apache.juli.logging.DirectJDKLog [http-nio-2613-exec-1] Initializing Spring DispatcherServlet 'dispatcherServlet'
2022-07-01 19:46:58,347 INFO org.springframework.web.servlet.FrameworkServlet [http-nio-2613-exec-1] Initializing Servlet 'dispatcherServlet'
2022-07-01 19:46:58,350 INFO org.springframework.web.servlet.FrameworkServlet [http-nio-2613-exec-1] Completed initialization in 2 ms
2022-07-01 19:46:59,738 INFO org.apache.juli.logging.DirectJDKLog [http-nio-2614-exec-1] Initializing Spring DispatcherServlet 'dispatcherServlet'
2022-07-01 19:46:59,741 INFO org.springframework.web.servlet.FrameworkServlet [http-nio-2614-exec-1] Initializing Servlet 'dispatcherServlet'
2022-07-01 19:46:59,748 INFO org.springframework.web.servlet.FrameworkServlet [http-nio-2614-exec-1] Completed initialization in 5 ms
2022-07-01 19:50:20,878 INFO com.netflix.discovery.shared.resolver.aws.ConfigClusterResolver [AsyncResolver-bootstrap-executor-0] Resolving eureka endpoints via configuration
2022-07-01 19:50:22,401 INFO com.netflix.discovery.shared.resolver.aws.ConfigClusterResolver [AsyncResolver-bootstrap-executor-0] Resolving eureka endpoints via configuration
2022-07-01 19:50:25,962 INFO com.netflix.discovery.shared.resolver.aws.ConfigClusterResolver [AsyncResolver-bootstrap-executor-0] Resolving eureka endpoints via configuration
2022-07-01 19:55:20,883 INFO com.netflix.discovery.shared.resolver.aws.ConfigClusterResolver [AsyncResolver-bootstrap-executor-0] Resolving eureka endpoints via configuration
2022-07-01 19:55:22,404 INFO com.netflix.discovery.shared.resolver.aws.ConfigClusterResolver [AsyncResolver-bootstrap-executor-0] Resolving eureka endpoints via configuration
2022-07-01 19:55:25,966 INFO com.netflix.discovery.shared.resolver.aws.ConfigClusterResolver [AsyncResolver-bootstrap-executor-0] Resolving eureka endpoints via configuration
2022-07-01 20:00:20,887 INFO com.netflix.discovery.shared.resolver.aws.ConfigClusterResolver [AsyncResolver-bootstrap-executor-0] Resolving eureka endpoints via configuration
2022-07-01 20:00:22,405 INFO com.netflix.discovery.shared.resolver.aws.ConfigClusterResolver [AsyncResolver-bootstrap-executor-0] Resolving eureka endpoints via configuration
2022-07-01 20:00:25,966 INFO com.netflix.discovery.shared.resolver.aws.ConfigClusterResolver [AsyncResolver-bootstrap-executor-0] Resolving eureka endpoints via configuration
2022-07-01 20:04:00,428 INFO org.springframework.cloud.netflix.eureka.serviceregistry.EurekaServiceRegistry [SpringApplicationShutdownHook] Unregistering application SLAVE with eureka with status DOWN
2022-07-01 20:04:00,438 INFO org.springframework.cloud.netflix.eureka.serviceregistry.EurekaServiceRegistry [SpringApplicationShutdownHook] Unregistering application SLAVE with eureka with status DOWN
2022-07-01 20:04:00,450 INFO com.netflix.discovery.DiscoveryClient$3 [SpringApplicationShutdownHook] Saw local status change event StatusChangeEvent [timestamp=1656705840450, current=DOWN, previous=UP]
2022-07-01 20:04:00,460 INFO com.netflix.discovery.DiscoveryClient$3 [SpringApplicationShutdownHook] Saw local status change event StatusChangeEvent [timestamp=1656705840460, current=DOWN, previous=UP]
2022-07-01 20:04:00,479 INFO com.netflix.discovery.DiscoveryClient [DiscoveryClient-InstanceInfoReplicator-0] DiscoveryClient_SLAVE/e7fa4aeba2ce:slave:2615: registering service...
2022-07-01 20:04:00,481 INFO com.netflix.discovery.DiscoveryClient [DiscoveryClient-InstanceInfoReplicator-0] DiscoveryClient_SLAVE/7ba968137573:slave:2614: registering service...
2022-07-01 20:04:00,499 INFO org.springframework.cloud.netflix.eureka.serviceregistry.EurekaServiceRegistry [SpringApplicationShutdownHook] Unregistering application SLAVE with eureka with status DOWN
2022-07-01 20:04:00,557 INFO com.netflix.discovery.DiscoveryClient$3 [SpringApplicationShutdownHook] Saw local status change event StatusChangeEvent [timestamp=1656705840557, current=DOWN, previous=UP]
2022-07-01 20:04:00,565 INFO com.netflix.discovery.DiscoveryClient [DiscoveryClient-InstanceInfoReplicator-0] DiscoveryClient_SLAVE/2e54f8e946dc:slave:2613: registering service...
2022-07-01 20:04:00,580 INFO com.netflix.discovery.DiscoveryClient [DiscoveryClient-InstanceInfoReplicator-0] DiscoveryClient_SLAVE/7ba968137573:slave:2614 - registration status: 204
2022-07-01 20:04:00,700 INFO com.netflix.discovery.DiscoveryClient [DiscoveryClient-InstanceInfoReplicator-0] DiscoveryClient_SLAVE/2e54f8e946dc:slave:2613 - registration status: 204
2022-07-01 20:04:00,802 INFO com.netflix.discovery.DiscoveryClient [DiscoveryClient-InstanceInfoReplicator-0] DiscoveryClient_SLAVE/e7fa4aeba2ce:slave:2615 - registration status: 204
2022-07-01 20:04:00,935 INFO com.netflix.discovery.DiscoveryClient [SpringApplicationShutdownHook] Shutting down DiscoveryClient ...
2022-07-01 20:04:01,024 INFO com.netflix.discovery.DiscoveryClient [SpringApplicationShutdownHook] Shutting down DiscoveryClient ...
2022-07-01 20:04:01,056 INFO com.netflix.discovery.DiscoveryClient [SpringApplicationShutdownHook] Shutting down DiscoveryClient ...
2022-07-01 20:04:03,941 WARN com.netflix.discovery.TimedSupervisorTask [DiscoveryClient-0] task supervisor shutting down, can't accept the task
2022-07-01 20:04:03,947 INFO com.netflix.discovery.DiscoveryClient [SpringApplicationShutdownHook] Unregistering ...
2022-07-01 20:04:04,008 INFO com.netflix.discovery.DiscoveryClient [SpringApplicationShutdownHook] DiscoveryClient_SLAVE/7ba968137573:slave:2614 - deregister  status: 200
2022-07-01 20:04:04,058 WARN com.netflix.discovery.TimedSupervisorTask [DiscoveryClient-0] task supervisor shutting down, can't accept the task
2022-07-01 20:04:04,064 INFO com.netflix.discovery.DiscoveryClient [SpringApplicationShutdownHook] Completed shut down of DiscoveryClient
2022-07-01 20:04:04,082 INFO com.netflix.discovery.DiscoveryClient [SpringApplicationShutdownHook] Unregistering ...
2022-07-01 20:04:04,063 INFO com.netflix.discovery.DiscoveryClient [SpringApplicationShutdownHook] Unregistering ...
2022-07-01 20:04:04,257 INFO com.netflix.discovery.DiscoveryClient [SpringApplicationShutdownHook] DiscoveryClient_SLAVE/e7fa4aeba2ce:slave:2615 - deregister  status: 200
2022-07-01 20:04:04,257 INFO com.netflix.discovery.DiscoveryClient [SpringApplicationShutdownHook] DiscoveryClient_SLAVE/2e54f8e946dc:slave:2613 - deregister  status: 200
2022-07-01 20:04:04,336 INFO com.netflix.discovery.DiscoveryClient [SpringApplicationShutdownHook] Completed shut down of DiscoveryClient
2022-07-01 20:04:04,372 INFO com.netflix.discovery.DiscoveryClient [SpringApplicationShutdownHook] Completed shut down of DiscoveryClient
