2022-06-30 06:33:39,483 INFO org.springframework.boot.StartupInfoLogger [main] Starting MasterApplication v0.0.1-SNAPSHOT using Java 1.8.0_212 on 51c5a5ab5e55 with PID 1 (/usr/src/myapp/master/target/master-0.0.1-SNAPSHOT.jar started by root in /usr/src/myapp/master)
2022-06-30 06:33:40,115 INFO org.springframework.boot.SpringApplication [main] No active profile set, falling back to 1 default profile: "default"
2022-06-30 06:34:33,757 INFO org.springframework.cloud.context.scope.GenericScope [main] BeanFactory id=734b259d-e510-3db1-9d99-c261f810b4bf
2022-06-30 06:34:47,690 INFO org.springframework.boot.web.embedded.tomcat.TomcatWebServer [main] Tomcat initialized with port(s): 2726 (http)
2022-06-30 06:34:48,913 INFO org.apache.juli.logging.DirectJDKLog [main] Initializing ProtocolHandler ["http-nio-2726"]
2022-06-30 06:34:48,932 INFO org.apache.juli.logging.DirectJDKLog [main] Starting service [Tomcat]
2022-06-30 06:34:48,937 INFO org.apache.juli.logging.DirectJDKLog [main] Starting Servlet engine: [Apache Tomcat/9.0.63]
2022-06-30 06:34:52,193 INFO org.apache.juli.logging.DirectJDKLog [main] Initializing Spring embedded WebApplicationContext
2022-06-30 06:34:52,197 INFO org.springframework.boot.web.servlet.context.ServletWebServerApplicationContext [main] Root WebApplicationContext: initialization completed in 68557 ms
2022-06-30 06:34:54,973 INFO master.sharedpackages.logging.LoggingService [main] 1656570894973 main Master Node Created
2022-06-30 06:35:33,121 INFO org.springframework.cloud.netflix.eureka.config.DiscoveryClientOptionalArgsConfiguration [main] Eureka HTTP Client uses RestTemplate.
2022-06-30 06:35:36,281 WARN org.springframework.cloud.loadbalancer.config.LoadBalancerCacheAutoConfiguration$LoadBalancerCaffeineWarnLogger [main] Spring Cloud LoadBalancer is currently working with the default cache. While this cache implementation is useful for development and tests, it's recommended to use Caffeine cache in production.You can switch to using Caffeine cache, by adding it and org.springframework.cache.caffeine.CaffeineCacheManager to the classpath.
2022-06-30 06:35:37,047 INFO org.springframework.cloud.netflix.eureka.InstanceInfoFactory [main] Setting initial instance status as: STARTING
2022-06-30 06:35:39,507 INFO com.netflix.discovery.DiscoveryClient [main] Initializing Eureka in region us-east-1
2022-06-30 06:35:39,819 INFO com.netflix.discovery.shared.resolver.aws.ConfigClusterResolver [main] Resolving eureka endpoints via configuration
2022-06-30 06:35:41,565 INFO com.netflix.discovery.DiscoveryClient [main] Disable delta property : false
2022-06-30 06:35:41,581 INFO com.netflix.discovery.DiscoveryClient [main] Single vip registry refresh property : null
2022-06-30 06:35:41,614 INFO com.netflix.discovery.DiscoveryClient [main] Force full registry fetch : false
2022-06-30 06:35:41,630 INFO com.netflix.discovery.DiscoveryClient [main] Application is null : false
2022-06-30 06:35:41,635 INFO com.netflix.discovery.DiscoveryClient [main] Registered Applications size is zero : true
2022-06-30 06:35:41,665 INFO com.netflix.discovery.DiscoveryClient [main] Application version is -1: true
2022-06-30 06:35:41,681 INFO com.netflix.discovery.DiscoveryClient [main] Getting all instance registry info from the eureka server
2022-06-30 06:35:56,562 INFO com.netflix.discovery.DiscoveryClient [main] The response status is 200
2022-06-30 06:35:56,596 INFO com.netflix.discovery.DiscoveryClient [main] Starting heartbeat executor: renew interval is: 30
2022-06-30 06:35:56,737 INFO com.netflix.discovery.InstanceInfoReplicator [main] InstanceInfoReplicator onDemand update allowed rate per min is 4
2022-06-30 06:35:56,823 INFO com.netflix.discovery.DiscoveryClient [main] Discovery Client initialized at timestamp 1656570956819 with initial instances count: 0
2022-06-30 06:35:56,841 INFO org.springframework.cloud.netflix.eureka.serviceregistry.EurekaServiceRegistry [main] Registering application MASTER with eureka with status UP
2022-06-30 06:35:56,882 INFO com.netflix.discovery.DiscoveryClient$3 [main] Saw local status change event StatusChangeEvent [timestamp=1656570956882, current=UP, previous=STARTING]
2022-06-30 06:35:56,894 INFO org.apache.juli.logging.DirectJDKLog [main] Starting ProtocolHandler ["http-nio-2726"]
2022-06-30 06:35:56,934 INFO com.netflix.discovery.DiscoveryClient [DiscoveryClient-InstanceInfoReplicator-0] DiscoveryClient_MASTER/51c5a5ab5e55:master:2726: registering service...
2022-06-30 06:35:57,283 INFO org.springframework.boot.web.embedded.tomcat.TomcatWebServer [main] Tomcat started on port(s): 2726 (http) with context path ''
2022-06-30 06:35:57,300 INFO org.springframework.cloud.netflix.eureka.serviceregistry.EurekaAutoServiceRegistration [main] Updating port to 2726
2022-06-30 06:35:59,611 INFO com.netflix.discovery.DiscoveryClient [DiscoveryClient-InstanceInfoReplicator-0] DiscoveryClient_MASTER/51c5a5ab5e55:master:2726 - registration status: 204
2022-06-30 06:36:00,269 INFO org.apache.juli.logging.DirectJDKLog [http-nio-2726-exec-1] Initializing Spring DispatcherServlet 'dispatcherServlet'
2022-06-30 06:36:00,271 INFO org.springframework.web.servlet.FrameworkServlet [http-nio-2726-exec-1] Initializing Servlet 'dispatcherServlet'
2022-06-30 06:36:00,275 INFO org.springframework.web.servlet.FrameworkServlet [http-nio-2726-exec-1] Completed initialization in 3 ms
2022-06-30 06:36:01,193 INFO org.springframework.boot.StartupInfoLogger [main] Started MasterApplication in 169.778 seconds (JVM running for 190.6)
2022-06-30 06:36:26,597 INFO com.netflix.discovery.DiscoveryClient [DiscoveryClient-CacheRefreshExecutor-0] Disable delta property : false
2022-06-30 06:36:26,600 INFO com.netflix.discovery.DiscoveryClient [DiscoveryClient-CacheRefreshExecutor-0] Single vip registry refresh property : null
2022-06-30 06:36:26,603 INFO com.netflix.discovery.DiscoveryClient [DiscoveryClient-CacheRefreshExecutor-0] Force full registry fetch : false
2022-06-30 06:36:26,650 INFO com.netflix.discovery.DiscoveryClient [DiscoveryClient-CacheRefreshExecutor-0] Application is null : false
2022-06-30 06:36:26,687 INFO com.netflix.discovery.DiscoveryClient [DiscoveryClient-CacheRefreshExecutor-0] Registered Applications size is zero : true
2022-06-30 06:36:26,717 INFO com.netflix.discovery.DiscoveryClient [DiscoveryClient-CacheRefreshExecutor-0] Application version is -1: false
2022-06-30 06:36:26,720 INFO com.netflix.discovery.DiscoveryClient [DiscoveryClient-CacheRefreshExecutor-0] Getting all instance registry info from the eureka server
2022-06-30 06:36:27,107 INFO com.netflix.discovery.DiscoveryClient [DiscoveryClient-CacheRefreshExecutor-0] The response status is 200
2022-06-30 06:37:32,223 INFO master.sharedpackages.logging.LoggingService [http-nio-2726-exec-4] 1656571052223 http-nio-2726-exec-4 sendPostRequest to http://host.docker.internal:1234/scale/addNewSlaveResponse Code : HttpResponseProxy{HTTP/1.1 200  [Content-Length: 0, Date: Thu, 30 Jun 2022 06:37:32 GMT, Keep-Alive: timeout=60, Connection: keep-alive] [Content-Length: 0,Chunked: false]}
2022-06-30 06:37:37,667 INFO master.sharedpackages.logging.LoggingService [http-nio-2726-exec-5] 1656571057667 http-nio-2726-exec-5 sendPostRequest to http://host.docker.internal:1234/scale/addNewSlaveResponse Code : HttpResponseProxy{HTTP/1.1 200  [Content-Length: 0, Date: Thu, 30 Jun 2022 06:37:37 GMT, Keep-Alive: timeout=60, Connection: keep-alive] [Content-Length: 0,Chunked: false]}
2022-06-30 06:37:39,706 INFO master.sharedpackages.logging.LoggingService [http-nio-2726-exec-6] 1656571059706 http-nio-2726-exec-6 sendPostRequest to http://host.docker.internal:1234/scale/addNewSlaveResponse Code : HttpResponseProxy{HTTP/1.1 200  [Content-Length: 0, Date: Thu, 30 Jun 2022 06:37:39 GMT, Keep-Alive: timeout=60, Connection: keep-alive] [Content-Length: 0,Chunked: false]}
2022-06-30 06:40:25,217 ERROR master.sharedpackages.logging.LoggingService [http-nio-2726-exec-8] 1656571225217 http-nio-2726-exec-8 *************************************************************************************************************************
2022-06-30 06:40:25,219 ERROR master.sharedpackages.logging.LoggingService [http-nio-2726-exec-8] 1656571225219 http-nio-2726-exec-8 All retries completed, so Fallback method called!!!
2022-06-30 06:40:25,227 ERROR master.sharedpackages.logging.LoggingService [http-nio-2726-exec-8] 1656571225227 http-nio-2726-exec-8 Recovering from exception
2022-06-30 06:40:25,234 ERROR master.sharedpackages.logging.LoggingService [http-nio-2726-exec-8] 1656571225234 http-nio-2726-exec-8 Expected a ',' or '}' at 18 [character 1 line 3]
2022-06-30 06:40:25,236 ERROR master.sharedpackages.logging.LoggingService [http-nio-2726-exec-8] 1656571225236 http-nio-2726-exec-8 *************************************************************************************************************************
2022-06-30 06:40:41,738 INFO com.netflix.discovery.shared.resolver.aws.ConfigClusterResolver [AsyncResolver-bootstrap-executor-0] Resolving eureka endpoints via configuration
2022-06-30 06:41:22,745 ERROR master.sharedpackages.logging.LoggingService [http-nio-2726-exec-9] 1656571282745 http-nio-2726-exec-9 *************************************************************************************************************************
2022-06-30 06:41:22,761 ERROR master.sharedpackages.logging.LoggingService [http-nio-2726-exec-9] 1656571282761 http-nio-2726-exec-9 All retries completed, so Fallback method called!!!
2022-06-30 06:41:22,767 ERROR master.sharedpackages.logging.LoggingService [http-nio-2726-exec-9] 1656571282767 http-nio-2726-exec-9 Recovering from exception
2022-06-30 06:41:22,778 ERROR master.sharedpackages.logging.LoggingService [http-nio-2726-exec-9] 1656571282778 http-nio-2726-exec-9 JSONObject["json_object"] not found.
2022-06-30 06:41:22,780 ERROR master.sharedpackages.logging.LoggingService [http-nio-2726-exec-9] 1656571282780 http-nio-2726-exec-9 *************************************************************************************************************************
2022-06-30 06:42:54,737 WARN master.sharedpackages.logging.LoggingService [http-nio-2726-exec-1] 1656571374737 http-nio-2726-exec-1 Directory /usr/src/myapp/master/data/Databases already exists
2022-06-30 06:42:54,751 INFO master.sharedpackages.logging.LoggingService [http-nio-2726-exec-1] 1656571374751 http-nio-2726-exec-1 Database hr created
2022-06-30 06:42:54,776 INFO master.sharedpackages.logging.LoggingService [http-nio-2726-exec-1] 1656571374776 http-nio-2726-exec-1 File hr.json created
2022-06-30 06:42:54,786 INFO master.sharedpackages.logging.LoggingService [http-nio-2726-exec-1] 1656571374786 http-nio-2726-exec-1 File hr.json created
2022-06-30 06:42:54,794 WARN master.sharedpackages.logging.LoggingService [http-nio-2726-exec-1] 1656571374794 http-nio-2726-exec-1 File sequencing.json already exists
2022-06-30 06:42:54,831 INFO master.sharedpackages.logging.LoggingService [http-nio-2726-exec-1] 1656571374831 http-nio-2726-exec-1 Document inserted !
2022-06-30 06:42:54,836 WARN master.sharedpackages.logging.LoggingService [http-nio-2726-exec-1] 1656571374836 http-nio-2726-exec-1 File sequencing.json already exists
2022-06-30 06:42:54,853 INFO master.sharedpackages.logging.LoggingService [http-nio-2726-exec-1] 1656571374853 http-nio-2726-exec-1 Sequencing updated !
2022-06-30 06:42:55,869 INFO master.sharedpackages.logging.LoggingService [http-nio-2726-exec-1] 1656571375869 http-nio-2726-exec-1 propagate sending to http://f99d99859678:2616/slave/updateData
2022-06-30 06:43:00,942 ERROR master.sharedpackages.logging.LoggingService [http-nio-2726-exec-1] 1656571380942 http-nio-2726-exec-1 f99d99859678: Try again
2022-06-30 06:43:00,944 INFO master.sharedpackages.logging.LoggingService [http-nio-2726-exec-1] 1656571380944 http-nio-2726-exec-1 propagate sending to http://126c07f8fa80:2614/slave/updateData
2022-06-30 06:43:02,536 INFO master.sharedpackages.logging.LoggingService [http-nio-2726-exec-1] 1656571382536 http-nio-2726-exec-1 sendfile to http://126c07f8fa80:2614/slave/updateDataResponse Code : HttpResponseProxy{HTTP/1.1 200  [Content-Type: text/plain;charset=ISO-8859-1, Content-Length: 20, Date: Thu, 30 Jun 2022 06:43:02 GMT, Keep-Alive: timeout=60, Connection: keep-alive] ResponseEntityProxy{[Content-Type: text/plain;charset=ISO-8859-1,Content-Length: 20,Chunked: false]}}
2022-06-30 06:43:02,538 INFO master.sharedpackages.logging.LoggingService [http-nio-2726-exec-1] 1656571382538 http-nio-2726-exec-1 propagate sending to http://e2ab8be98645:2613/slave/updateData
2022-06-30 06:43:06,099 INFO master.sharedpackages.logging.LoggingService [http-nio-2726-exec-1] 1656571386099 http-nio-2726-exec-1 sendfile to http://e2ab8be98645:2613/slave/updateDataResponse Code : HttpResponseProxy{HTTP/1.1 200  [Content-Type: text/plain;charset=ISO-8859-1, Content-Length: 20, Date: Thu, 30 Jun 2022 06:43:06 GMT, Keep-Alive: timeout=60, Connection: keep-alive] ResponseEntityProxy{[Content-Type: text/plain;charset=ISO-8859-1,Content-Length: 20,Chunked: false]}}
2022-06-30 06:43:06,111 INFO master.sharedpackages.logging.LoggingService [http-nio-2726-exec-1] 1656571386111 http-nio-2726-exec-1 propagate sending to http://d73975e2d378:2615/slave/updateData
2022-06-30 06:43:11,399 INFO master.sharedpackages.logging.LoggingService [http-nio-2726-exec-1] 1656571391399 http-nio-2726-exec-1 sendfile to http://d73975e2d378:2615/slave/updateDataResponse Code : HttpResponseProxy{HTTP/1.1 200  [Content-Type: text/plain;charset=ISO-8859-1, Content-Length: 20, Date: Thu, 30 Jun 2022 06:43:11 GMT, Keep-Alive: timeout=60, Connection: keep-alive] ResponseEntityProxy{[Content-Type: text/plain;charset=ISO-8859-1,Content-Length: 20,Chunked: false]}}
2022-06-30 06:43:11,414 INFO master.sharedpackages.logging.LoggingService [http-nio-2726-exec-1] 1656571391414 http-nio-2726-exec-1 propagate sending to http://ed393d8a9a78:2617/slave/updateData
2022-06-30 06:43:16,466 ERROR master.sharedpackages.logging.LoggingService [http-nio-2726-exec-1] 1656571396466 http-nio-2726-exec-1 ed393d8a9a78: Try again
2022-06-30 06:43:16,469 INFO master.sharedpackages.logging.LoggingService [http-nio-2726-exec-1] 1656571396469 http-nio-2726-exec-1 propagate sending to http://47173ac4bdda:2618/slave/updateData
2022-06-30 06:43:21,493 ERROR master.sharedpackages.logging.LoggingService [http-nio-2726-exec-1] 1656571401493 http-nio-2726-exec-1 47173ac4bdda: Try again
2022-06-30 06:43:21,503 ERROR master.sharedpackages.logging.LoggingService [http-nio-2726-exec-1] 1656571401503 http-nio-2726-exec-1 Connect to localhost:2613 [localhost/127.0.0.1] failed: Connection refused (Connection refused)
2022-06-30 06:43:21,505 INFO master.sharedpackages.logging.LoggingService [http-nio-2726-exec-1] 1656571401505 http-nio-2726-exec-1 flushed index of hr/hrfor slave 2613
2022-06-30 06:43:21,513 ERROR master.sharedpackages.logging.LoggingService [http-nio-2726-exec-1] 1656571401513 http-nio-2726-exec-1 Connect to localhost:2614 [localhost/127.0.0.1] failed: Connection refused (Connection refused)
2022-06-30 06:43:21,515 INFO master.sharedpackages.logging.LoggingService [http-nio-2726-exec-1] 1656571401515 http-nio-2726-exec-1 flushed index of hr/hrfor slave 2614
2022-06-30 06:43:21,524 ERROR master.sharedpackages.logging.LoggingService [http-nio-2726-exec-1] 1656571401524 http-nio-2726-exec-1 Connect to localhost:2618 [localhost/127.0.0.1] failed: Connection refused (Connection refused)
2022-06-30 06:43:21,526 INFO master.sharedpackages.logging.LoggingService [http-nio-2726-exec-1] 1656571401526 http-nio-2726-exec-1 flushed index of hr/hrfor slave 2618
2022-06-30 06:43:21,539 ERROR master.sharedpackages.logging.LoggingService [http-nio-2726-exec-1] 1656571401539 http-nio-2726-exec-1 Connect to localhost:2615 [localhost/127.0.0.1] failed: Connection refused (Connection refused)
2022-06-30 06:43:21,545 INFO master.sharedpackages.logging.LoggingService [http-nio-2726-exec-1] 1656571401544 http-nio-2726-exec-1 flushed index of hr/hrfor slave 2615
2022-06-30 06:43:21,562 ERROR master.sharedpackages.logging.LoggingService [http-nio-2726-exec-1] 1656571401562 http-nio-2726-exec-1 Connect to localhost:2617 [localhost/127.0.0.1] failed: Connection refused (Connection refused)
2022-06-30 06:43:21,564 INFO master.sharedpackages.logging.LoggingService [http-nio-2726-exec-1] 1656571401564 http-nio-2726-exec-1 flushed index of hr/hrfor slave 2617
2022-06-30 06:43:21,573 ERROR master.sharedpackages.logging.LoggingService [http-nio-2726-exec-1] 1656571401573 http-nio-2726-exec-1 Connect to localhost:2616 [localhost/127.0.0.1] failed: Connection refused (Connection refused)
2022-06-30 06:43:21,575 INFO master.sharedpackages.logging.LoggingService [http-nio-2726-exec-1] 1656571401575 http-nio-2726-exec-1 flushed index of hr/hrfor slave 2616
2022-06-30 06:45:41,741 INFO com.netflix.discovery.shared.resolver.aws.ConfigClusterResolver [AsyncResolver-bootstrap-executor-0] Resolving eureka endpoints via configuration
2022-06-30 06:50:41,743 INFO com.netflix.discovery.shared.resolver.aws.ConfigClusterResolver [AsyncResolver-bootstrap-executor-0] Resolving eureka endpoints via configuration
2022-06-30 06:55:41,749 INFO com.netflix.discovery.shared.resolver.aws.ConfigClusterResolver [AsyncResolver-bootstrap-executor-0] Resolving eureka endpoints via configuration
2022-06-30 07:00:41,752 INFO com.netflix.discovery.shared.resolver.aws.ConfigClusterResolver [AsyncResolver-bootstrap-executor-0] Resolving eureka endpoints via configuration
2022-06-30 07:05:41,754 INFO com.netflix.discovery.shared.resolver.aws.ConfigClusterResolver [AsyncResolver-bootstrap-executor-0] Resolving eureka endpoints via configuration
2022-06-30 07:10:41,756 INFO com.netflix.discovery.shared.resolver.aws.ConfigClusterResolver [AsyncResolver-bootstrap-executor-0] Resolving eureka endpoints via configuration
2022-06-30 07:15:41,759 INFO com.netflix.discovery.shared.resolver.aws.ConfigClusterResolver [AsyncResolver-bootstrap-executor-0] Resolving eureka endpoints via configuration
2022-06-30 07:20:41,760 INFO com.netflix.discovery.shared.resolver.aws.ConfigClusterResolver [AsyncResolver-bootstrap-executor-0] Resolving eureka endpoints via configuration
2022-06-30 07:21:06,769 INFO org.springframework.cloud.netflix.eureka.serviceregistry.EurekaServiceRegistry [SpringApplicationShutdownHook] Unregistering application MASTER with eureka with status DOWN
2022-06-30 07:21:06,772 INFO com.netflix.discovery.DiscoveryClient$3 [SpringApplicationShutdownHook] Saw local status change event StatusChangeEvent [timestamp=1656573666772, current=DOWN, previous=UP]
2022-06-30 07:21:06,775 INFO com.netflix.discovery.DiscoveryClient [DiscoveryClient-InstanceInfoReplicator-0] DiscoveryClient_MASTER/51c5a5ab5e55:master:2726: registering service...
2022-06-30 07:21:06,843 INFO com.netflix.discovery.DiscoveryClient [DiscoveryClient-InstanceInfoReplicator-0] DiscoveryClient_MASTER/51c5a5ab5e55:master:2726 - registration status: 204
2022-06-30 07:21:06,936 INFO com.netflix.discovery.DiscoveryClient [SpringApplicationShutdownHook] Shutting down DiscoveryClient ...
2022-06-30 07:21:09,945 INFO com.netflix.discovery.DiscoveryClient [SpringApplicationShutdownHook] Unregistering ...
2022-06-30 07:21:10,005 INFO com.netflix.discovery.DiscoveryClient [SpringApplicationShutdownHook] DiscoveryClient_MASTER/51c5a5ab5e55:master:2726 - deregister  status: 200
2022-06-30 07:21:10,026 INFO com.netflix.discovery.DiscoveryClient [SpringApplicationShutdownHook] Completed shut down of DiscoveryClient
2022-06-30 18:43:29,798 INFO org.springframework.boot.StartupInfoLogger [main] Starting MasterApplication v0.0.1-SNAPSHOT using Java 1.8.0_212 on 51c5a5ab5e55 with PID 1 (/usr/src/myapp/master/target/master-0.0.1-SNAPSHOT.jar started by root in /usr/src/myapp/master)
2022-06-30 18:43:29,877 INFO org.springframework.boot.SpringApplication [main] No active profile set, falling back to 1 default profile: "default"
2022-06-30 18:43:45,261 INFO org.springframework.cloud.context.scope.GenericScope [main] BeanFactory id=734b259d-e510-3db1-9d99-c261f810b4bf
2022-06-30 18:43:49,325 INFO org.springframework.boot.web.embedded.tomcat.TomcatWebServer [main] Tomcat initialized with port(s): 2726 (http)
2022-06-30 18:43:49,387 INFO org.apache.juli.logging.DirectJDKLog [main] Initializing ProtocolHandler ["http-nio-2726"]
2022-06-30 18:43:49,395 INFO org.apache.juli.logging.DirectJDKLog [main] Starting service [Tomcat]
2022-06-30 18:43:49,397 INFO org.apache.juli.logging.DirectJDKLog [main] Starting Servlet engine: [Apache Tomcat/9.0.63]
2022-06-30 18:43:50,016 INFO org.apache.juli.logging.DirectJDKLog [main] Initializing Spring embedded WebApplicationContext
2022-06-30 18:43:50,030 INFO org.springframework.boot.web.servlet.context.ServletWebServerApplicationContext [main] Root WebApplicationContext: initialization completed in 19111 ms
2022-06-30 18:43:51,805 INFO master.sharedpackages.logging.LoggingService [main] 1656614631804 main Master Node Created
2022-06-30 18:44:05,441 INFO org.springframework.cloud.netflix.eureka.config.DiscoveryClientOptionalArgsConfiguration [main] Eureka HTTP Client uses RestTemplate.
2022-06-30 18:44:07,024 WARN org.springframework.cloud.loadbalancer.config.LoadBalancerCacheAutoConfiguration$LoadBalancerCaffeineWarnLogger [main] Spring Cloud LoadBalancer is currently working with the default cache. While this cache implementation is useful for development and tests, it's recommended to use Caffeine cache in production.You can switch to using Caffeine cache, by adding it and org.springframework.cache.caffeine.CaffeineCacheManager to the classpath.
2022-06-30 18:44:07,640 INFO org.springframework.cloud.netflix.eureka.InstanceInfoFactory [main] Setting initial instance status as: STARTING
2022-06-30 18:44:08,691 INFO com.netflix.discovery.DiscoveryClient [main] Initializing Eureka in region us-east-1
2022-06-30 18:44:08,806 INFO com.netflix.discovery.shared.resolver.aws.ConfigClusterResolver [main] Resolving eureka endpoints via configuration
2022-06-30 18:44:09,597 INFO com.netflix.discovery.DiscoveryClient [main] Disable delta property : false
2022-06-30 18:44:09,601 INFO com.netflix.discovery.DiscoveryClient [main] Single vip registry refresh property : null
2022-06-30 18:44:09,606 INFO com.netflix.discovery.DiscoveryClient [main] Force full registry fetch : false
2022-06-30 18:44:09,616 INFO com.netflix.discovery.DiscoveryClient [main] Application is null : false
2022-06-30 18:44:09,620 INFO com.netflix.discovery.DiscoveryClient [main] Registered Applications size is zero : true
2022-06-30 18:44:09,628 INFO com.netflix.discovery.DiscoveryClient [main] Application version is -1: true
2022-06-30 18:44:09,638 INFO com.netflix.discovery.DiscoveryClient [main] Getting all instance registry info from the eureka server
2022-06-30 18:44:15,743 INFO com.netflix.discovery.DiscoveryClient [main] The response status is 200
2022-06-30 18:44:15,764 INFO com.netflix.discovery.DiscoveryClient [main] Starting heartbeat executor: renew interval is: 30
2022-06-30 18:44:15,790 INFO com.netflix.discovery.InstanceInfoReplicator [main] InstanceInfoReplicator onDemand update allowed rate per min is 4
2022-06-30 18:44:15,826 INFO com.netflix.discovery.DiscoveryClient [main] Discovery Client initialized at timestamp 1656614655823 with initial instances count: 0
2022-06-30 18:44:15,832 INFO org.springframework.cloud.netflix.eureka.serviceregistry.EurekaServiceRegistry [main] Registering application MASTER with eureka with status UP
2022-06-30 18:44:15,845 INFO com.netflix.discovery.DiscoveryClient$3 [main] Saw local status change event StatusChangeEvent [timestamp=1656614655845, current=UP, previous=STARTING]
2022-06-30 18:44:15,854 INFO org.apache.juli.logging.DirectJDKLog [main] Starting ProtocolHandler ["http-nio-2726"]
2022-06-30 18:44:15,876 INFO com.netflix.discovery.DiscoveryClient [DiscoveryClient-InstanceInfoReplicator-0] DiscoveryClient_MASTER/51c5a5ab5e55:master:2726: registering service...
2022-06-30 18:44:16,086 INFO org.springframework.boot.web.embedded.tomcat.TomcatWebServer [main] Tomcat started on port(s): 2726 (http) with context path ''
2022-06-30 18:44:16,095 INFO org.springframework.cloud.netflix.eureka.serviceregistry.EurekaAutoServiceRegistration [main] Updating port to 2726
2022-06-30 18:44:17,097 INFO com.netflix.discovery.DiscoveryClient [DiscoveryClient-InstanceInfoReplicator-0] DiscoveryClient_MASTER/51c5a5ab5e55:master:2726 - registration status: 204
2022-06-30 18:44:18,837 INFO org.springframework.boot.StartupInfoLogger [main] Started MasterApplication in 67.726 seconds (JVM running for 75.377)
2022-06-30 18:44:45,770 INFO com.netflix.discovery.DiscoveryClient [DiscoveryClient-CacheRefreshExecutor-0] Disable delta property : false
2022-06-30 18:44:45,774 INFO com.netflix.discovery.DiscoveryClient [DiscoveryClient-CacheRefreshExecutor-0] Single vip registry refresh property : null
2022-06-30 18:44:45,780 INFO com.netflix.discovery.DiscoveryClient [DiscoveryClient-CacheRefreshExecutor-0] Force full registry fetch : false
2022-06-30 18:44:45,785 INFO com.netflix.discovery.DiscoveryClient [DiscoveryClient-CacheRefreshExecutor-0] Application is null : false
2022-06-30 18:44:45,791 INFO com.netflix.discovery.DiscoveryClient [DiscoveryClient-CacheRefreshExecutor-0] Registered Applications size is zero : true
2022-06-30 18:44:45,797 INFO com.netflix.discovery.DiscoveryClient [DiscoveryClient-CacheRefreshExecutor-0] Application version is -1: false
2022-06-30 18:44:45,802 INFO com.netflix.discovery.DiscoveryClient [DiscoveryClient-CacheRefreshExecutor-0] Getting all instance registry info from the eureka server
2022-06-30 18:44:45,858 INFO com.netflix.discovery.DiscoveryClient [DiscoveryClient-CacheRefreshExecutor-0] The response status is 200
2022-06-30 18:49:09,673 INFO com.netflix.discovery.shared.resolver.aws.ConfigClusterResolver [AsyncResolver-bootstrap-executor-0] Resolving eureka endpoints via configuration
2022-06-30 18:54:09,677 INFO com.netflix.discovery.shared.resolver.aws.ConfigClusterResolver [AsyncResolver-bootstrap-executor-0] Resolving eureka endpoints via configuration
2022-06-30 18:59:09,679 INFO com.netflix.discovery.shared.resolver.aws.ConfigClusterResolver [AsyncResolver-bootstrap-executor-0] Resolving eureka endpoints via configuration
2022-06-30 19:04:09,681 INFO com.netflix.discovery.shared.resolver.aws.ConfigClusterResolver [AsyncResolver-bootstrap-executor-0] Resolving eureka endpoints via configuration
2022-06-30 19:09:09,684 INFO com.netflix.discovery.shared.resolver.aws.ConfigClusterResolver [AsyncResolver-bootstrap-executor-0] Resolving eureka endpoints via configuration
2022-06-30 19:14:09,689 INFO com.netflix.discovery.shared.resolver.aws.ConfigClusterResolver [AsyncResolver-bootstrap-executor-0] Resolving eureka endpoints via configuration
2022-06-30 19:19:09,691 INFO com.netflix.discovery.shared.resolver.aws.ConfigClusterResolver [AsyncResolver-bootstrap-executor-0] Resolving eureka endpoints via configuration
2022-06-30 19:24:09,693 INFO com.netflix.discovery.shared.resolver.aws.ConfigClusterResolver [AsyncResolver-bootstrap-executor-0] Resolving eureka endpoints via configuration
2022-06-30 19:29:09,699 INFO com.netflix.discovery.shared.resolver.aws.ConfigClusterResolver [AsyncResolver-bootstrap-executor-0] Resolving eureka endpoints via configuration
2022-06-30 19:34:09,700 INFO com.netflix.discovery.shared.resolver.aws.ConfigClusterResolver [AsyncResolver-bootstrap-executor-0] Resolving eureka endpoints via configuration
2022-06-30 19:39:09,703 INFO com.netflix.discovery.shared.resolver.aws.ConfigClusterResolver [AsyncResolver-bootstrap-executor-0] Resolving eureka endpoints via configuration
2022-06-30 19:44:09,705 INFO com.netflix.discovery.shared.resolver.aws.ConfigClusterResolver [AsyncResolver-bootstrap-executor-0] Resolving eureka endpoints via configuration
2022-06-30 19:49:09,708 INFO com.netflix.discovery.shared.resolver.aws.ConfigClusterResolver [AsyncResolver-bootstrap-executor-0] Resolving eureka endpoints via configuration
2022-06-30 19:54:09,709 INFO com.netflix.discovery.shared.resolver.aws.ConfigClusterResolver [AsyncResolver-bootstrap-executor-0] Resolving eureka endpoints via configuration
2022-06-30 19:59:09,712 INFO com.netflix.discovery.shared.resolver.aws.ConfigClusterResolver [AsyncResolver-bootstrap-executor-0] Resolving eureka endpoints via configuration
2022-06-30 20:00:16,785 INFO org.apache.juli.logging.DirectJDKLog [http-nio-2726-exec-1] Initializing Spring DispatcherServlet 'dispatcherServlet'
2022-06-30 20:00:16,788 INFO org.springframework.web.servlet.FrameworkServlet [http-nio-2726-exec-1] Initializing Servlet 'dispatcherServlet'
2022-06-30 20:00:16,795 INFO org.springframework.web.servlet.FrameworkServlet [http-nio-2726-exec-1] Completed initialization in 3 ms
2022-06-30 20:04:09,714 INFO com.netflix.discovery.shared.resolver.aws.ConfigClusterResolver [AsyncResolver-bootstrap-executor-0] Resolving eureka endpoints via configuration
2022-06-30 20:09:09,716 INFO com.netflix.discovery.shared.resolver.aws.ConfigClusterResolver [AsyncResolver-bootstrap-executor-0] Resolving eureka endpoints via configuration
2022-06-30 20:14:09,720 INFO com.netflix.discovery.shared.resolver.aws.ConfigClusterResolver [AsyncResolver-bootstrap-executor-0] Resolving eureka endpoints via configuration
2022-06-30 20:19:09,721 INFO com.netflix.discovery.shared.resolver.aws.ConfigClusterResolver [AsyncResolver-bootstrap-executor-0] Resolving eureka endpoints via configuration
2022-06-30 20:24:09,725 INFO com.netflix.discovery.shared.resolver.aws.ConfigClusterResolver [AsyncResolver-bootstrap-executor-0] Resolving eureka endpoints via configuration
2022-06-30 20:28:36,338 INFO org.springframework.cloud.netflix.eureka.serviceregistry.EurekaServiceRegistry [SpringApplicationShutdownHook] Unregistering application MASTER with eureka with status DOWN
2022-06-30 20:28:36,342 INFO com.netflix.discovery.DiscoveryClient$3 [SpringApplicationShutdownHook] Saw local status change event StatusChangeEvent [timestamp=1656620916342, current=DOWN, previous=UP]
2022-06-30 20:28:36,344 INFO com.netflix.discovery.DiscoveryClient [DiscoveryClient-InstanceInfoReplicator-0] DiscoveryClient_MASTER/51c5a5ab5e55:master:2726: registering service...
2022-06-30 20:28:36,403 INFO com.netflix.discovery.DiscoveryClient [DiscoveryClient-InstanceInfoReplicator-0] DiscoveryClient_MASTER/51c5a5ab5e55:master:2726 - registration status: 204
2022-06-30 20:28:36,552 INFO com.netflix.discovery.DiscoveryClient [SpringApplicationShutdownHook] Shutting down DiscoveryClient ...
2022-06-30 20:28:39,568 INFO com.netflix.discovery.DiscoveryClient [SpringApplicationShutdownHook] Unregistering ...
2022-06-30 20:28:39,585 INFO com.netflix.discovery.DiscoveryClient [SpringApplicationShutdownHook] DiscoveryClient_MASTER/51c5a5ab5e55:master:2726 - deregister  status: 200
2022-06-30 20:28:39,613 INFO com.netflix.discovery.DiscoveryClient [SpringApplicationShutdownHook] Completed shut down of DiscoveryClient
